"../../../Engine/Content/EditorResources/S_Actor.ubulk" 0
"../../../Engine/Content/EditorResources/S_Actor.uasset" 1
"../../../Engine/Content/EditorResources/S_Actor.uexp" 2
"../../../Engine/Content/EditorResources/S_BoxReflectionCapture.uasset" 3
"../../../Engine/Content/EditorResources/S_BoxReflectionCapture.uexp" 4
"../../../Engine/Content/EngineResources/DefaultTexture.ubulk" 5
"../../../Engine/Content/EngineResources/DefaultTexture.uasset" 6
"../../../Engine/Content/EngineResources/DefaultTexture.uexp" 7
"../../../Engine/Content/EngineResources/DefaultTextureCube.uasset" 8
"../../../Engine/Content/EngineResources/DefaultTextureCube.uexp" 9
"../../../Engine/Content/EngineResources/DefaultVolumeTexture2D.uasset" 10
"../../../Engine/Content/EngineResources/DefaultVolumeTexture2D.uexp" 11
"../../../Engine/Content/EngineResources/DefaultVolumeTexture.uasset" 12
"../../../Engine/Content/EngineResources/DefaultVolumeTexture.uexp" 13
"../../../Engine/Content/EditorResources/S_Trigger.ubulk" 14
"../../../Engine/Content/EditorResources/S_Trigger.uasset" 15
"../../../Engine/Content/EditorResources/S_Trigger.uexp" 16
"../../../Engine/Content/EditorResources/S_TriggerBox.uasset" 17
"../../../Engine/Content/EditorResources/S_TriggerBox.uexp" 18
"../../../Engine/Content/EditorResources/S_TriggerCapsule.uasset" 19
"../../../Engine/Content/EditorResources/S_TriggerCapsule.uexp" 20
"../../../Engine/Content/EditorResources/S_TriggerSphere.uasset" 21
"../../../Engine/Content/EditorResources/S_TriggerSphere.uexp" 22
"../../../Engine/Content/EngineMeshes/Sphere.ubulk" 23
"../../../Engine/Content/EngineMeshes/Sphere.uasset" 24
"../../../Engine/Content/EngineMeshes/Sphere.uexp" 25
"../../../Engine/Content/EngineResources/GradientTexture0.uasset" 26
"../../../Engine/Content/EngineResources/GradientTexture0.uexp" 27
"../../../Engine/Content/EngineResources/Black.uasset" 28
"../../../Engine/Content/EngineResources/Black.uexp" 29
"../../../Engine/Content/VREditor/LaserPointer/VR_LaserPower_01.ubulk" 30
"../../../Engine/Content/VREditor/LaserPointer/VR_LaserPower_01.uasset" 31
"../../../Engine/Content/VREditor/LaserPointer/VR_LaserPower_01.uexp" 32
"../../../Engine/Content/VREditor/TransformGizmo/TransformGizmoMaterial.uasset" 33
"../../../Engine/Content/VREditor/TransformGizmo/TransformGizmoMaterial.uexp" 34
"../../../Engine/Content/VREditor/TransformGizmo/TranslucentTransformGizmoMaterial.uasset" 35
"../../../Engine/Content/VREditor/TransformGizmo/TranslucentTransformGizmoMaterial.uexp" 36
"../../../Engine/Content/VREditor/TransformGizmo/BoundingBoxCorner.ubulk" 37
"../../../Engine/Content/VREditor/TransformGizmo/BoundingBoxCorner.uasset" 38
"../../../Engine/Content/VREditor/TransformGizmo/BoundingBoxCorner.uexp" 39
"../../../Engine/Content/VREditor/TransformGizmo/BoundingBoxEdge.ubulk" 40
"../../../Engine/Content/VREditor/TransformGizmo/BoundingBoxEdge.uasset" 41
"../../../Engine/Content/VREditor/TransformGizmo/BoundingBoxEdge.uexp" 42
"../../../Engine/Content/VREditor/TransformGizmo/Main.uasset" 43
"../../../Engine/Content/VREditor/TransformGizmo/Main.uexp" 44
"../../../Engine/Content/VREditor/TransformGizmo/Xray.uasset" 45
"../../../Engine/Content/VREditor/TransformGizmo/Xray.uexp" 46
"../../../Engine/Content/VREditor/TransformGizmo/SM_Sequencer_Node.ubulk" 47
"../../../Engine/Content/VREditor/TransformGizmo/SM_Sequencer_Node.uasset" 48
"../../../Engine/Content/VREditor/TransformGizmo/SM_Sequencer_Node.uexp" 49
"../../../Engine/Content/EditorResources/S_Solver.ubulk" 50
"../../../Engine/Content/EditorResources/S_Solver.uasset" 51
"../../../Engine/Content/EditorResources/S_Solver.uexp" 52
"../../../Engine/Content/EditorMaterials/Camera/CineMat.uasset" 53
"../../../Engine/Content/EditorMaterials/Camera/CineMat.uexp" 54
"../../../Engine/Content/EditorMaterials/Camera/MI_CineMat_Rig.uasset" 55
"../../../Engine/Content/EditorMaterials/Camera/MI_CineMat_Rig.uexp" 56
"../../../Engine/Content/EditorMeshes/Camera/SM_CraneRig_Base.ubulk" 57
"../../../Engine/Content/EditorMeshes/Camera/SM_CraneRig_Base.uasset" 58
"../../../Engine/Content/EditorMeshes/Camera/SM_CraneRig_Base.uexp" 59
"../../../Engine/Content/EditorMeshes/Camera/SM_CraneRig_Arm.ubulk" 60
"../../../Engine/Content/EditorMeshes/Camera/SM_CraneRig_Arm.uasset" 61
"../../../Engine/Content/EditorMeshes/Camera/SM_CraneRig_Arm.uexp" 62
"../../../Engine/Content/EditorMeshes/Camera/SM_CraneRig_Mount.ubulk" 63
"../../../Engine/Content/EditorMeshes/Camera/SM_CraneRig_Mount.uasset" 64
"../../../Engine/Content/EditorMeshes/Camera/SM_CraneRig_Mount.uexp" 65
"../../../Engine/Content/EditorMeshes/Camera/SM_CraneRig_Body.ubulk" 66
"../../../Engine/Content/EditorMeshes/Camera/SM_CraneRig_Body.uasset" 67
"../../../Engine/Content/EditorMeshes/Camera/SM_CraneRig_Body.uexp" 68
"../../../Engine/Content/EditorMeshes/Camera/SM_RailRig_Track.ubulk" 69
"../../../Engine/Content/EditorMeshes/Camera/SM_RailRig_Track.uasset" 70
"../../../Engine/Content/EditorMeshes/Camera/SM_RailRig_Track.uexp" 71
"../../../Engine/Content/EditorMeshes/Camera/SM_RailRig_Mount.ubulk" 72
"../../../Engine/Content/EditorMeshes/Camera/SM_RailRig_Mount.uasset" 73
"../../../Engine/Content/EditorMeshes/Camera/SM_RailRig_Mount.uexp" 74
"../../../Engine/Content/EngineMaterials/T_Default_Material_Grid_M.ubulk" 75
"../../../Engine/Content/EngineMaterials/T_Default_Material_Grid_M.uasset" 76
"../../../Engine/Content/EngineMaterials/T_Default_Material_Grid_M.uexp" 77
"../../../Engine/Content/EngineMaterials/T_Default_Material_Grid_N.ubulk" 78
"../../../Engine/Content/EngineMaterials/T_Default_Material_Grid_N.uasset" 79
"../../../Engine/Content/EngineMaterials/T_Default_Material_Grid_N.uexp" 80
"../../../Engine/Content/Functions/Engine_MaterialFunctions01/Opacity/CameraDepthFade.uasset" 81
"../../../Engine/Content/Functions/Engine_MaterialFunctions01/Opacity/CameraDepthFade.uexp" 82
"../../../Engine/Content/EngineMaterials/WorldGridMaterial.uasset" 83
"../../../Engine/Content/EngineMaterials/WorldGridMaterial.uexp" 84
"../../../Engine/Content/ArtTools/RenderToTexture/Meshes/S_1_Unit_Plane.ubulk" 85
"../../../Engine/Content/ArtTools/RenderToTexture/Meshes/S_1_Unit_Plane.uasset" 86
"../../../Engine/Content/ArtTools/RenderToTexture/Meshes/S_1_Unit_Plane.uexp" 87
"../../../Engine/Content/EditorMaterials/ParticleSystems/PSysThumbnail_NoImage.ubulk" 88
"../../../Engine/Content/EditorMaterials/ParticleSystems/PSysThumbnail_NoImage.uasset" 89
"../../../Engine/Content/EditorMaterials/ParticleSystems/PSysThumbnail_NoImage.uexp" 90
"../../../Engine/Content/EditorMaterials/ParticleSystems/PSysThumbnail_OOD.ubulk" 91
"../../../Engine/Content/EditorMaterials/ParticleSystems/PSysThumbnail_OOD.uasset" 92
"../../../Engine/Content/EditorMaterials/ParticleSystems/PSysThumbnail_OOD.uexp" 93
"../../../Engine/Content/EditorLandscapeResources/SplineEditorMeshMat.uasset" 94
"../../../Engine/Content/EditorLandscapeResources/SplineEditorMeshMat.uexp" 95
"../../../Engine/Content/EditorLandscapeResources/SplineEditorMesh.ubulk" 96
"../../../Engine/Content/EditorLandscapeResources/SplineEditorMesh.uasset" 97
"../../../Engine/Content/EditorLandscapeResources/SplineEditorMesh.uexp" 98
"../../../Engine/Plugins/Media/MediaPlate/Content/SM_MediaPlateScreen.ubulk" 99
"../../../Engine/Plugins/Media/MediaPlate/Content/SM_MediaPlateScreen.uasset" 100
"../../../Engine/Plugins/Media/MediaPlate/Content/SM_MediaPlateScreen.uexp" 101
"../../../Engine/Content/EngineMaterials/DefaultBokeh.uasset" 102
"../../../Engine/Content/EngineMaterials/DefaultBokeh.uexp" 103
"../../../Engine/Content/EngineMaterials/MiniFont.uasset" 104
"../../../Engine/Content/EngineMaterials/MiniFont.uexp" 105
"../../../Engine/Content/EngineMaterials/WeightMapPlaceholderTexture.uasset" 106
"../../../Engine/Content/EngineMaterials/WeightMapPlaceholderTexture.uexp" 107
"../../../Engine/Content/EngineMaterials/WeightMapArrayPlaceholderTexture.uasset" 108
"../../../Engine/Content/EngineMaterials/WeightMapArrayPlaceholderTexture.uexp" 109
"../../../Engine/Content/EngineMaterials/DefaultWhiteGrid.ubulk" 110
"../../../Engine/Content/EngineMaterials/DefaultWhiteGrid.uasset" 111
"../../../Engine/Content/EngineMaterials/DefaultWhiteGrid.uexp" 112
"../../../Engine/Content/EngineMaterials/PreintegratedSkinBRDF.uasset" 113
"../../../Engine/Content/EngineMaterials/PreintegratedSkinBRDF.uexp" 114
"../../../Engine/Content/Functions/Engine_MaterialFunctions02/WorldPositionOffset/CameraOffset.uasset" 115
"../../../Engine/Content/Functions/Engine_MaterialFunctions02/WorldPositionOffset/CameraOffset.uexp" 116
"../../../Engine/Plugins/Animation/ControlRig/Content/M_Manip.uasset" 117
"../../../Engine/Plugins/Animation/ControlRig/Content/M_Manip.uexp" 118
"../../../Engine/Plugins/2D/Paper2D/Content/PlaceholderTextures/DummySpriteTexture.ubulk" 119
"../../../Engine/Plugins/2D/Paper2D/Content/PlaceholderTextures/DummySpriteTexture.uasset" 120
"../../../Engine/Plugins/2D/Paper2D/Content/PlaceholderTextures/DummySpriteTexture.uexp" 121
"../../../Engine/Plugins/2D/Paper2D/Content/DefaultSpriteMaterial.uasset" 122
"../../../Engine/Plugins/2D/Paper2D/Content/DefaultSpriteMaterial.uexp" 123
"../../../Engine/Plugins/2D/Paper2D/Content/OpaqueUnlitSpriteMaterial.uasset" 124
"../../../Engine/Plugins/2D/Paper2D/Content/OpaqueUnlitSpriteMaterial.uexp" 125
"../../../Engine/Plugins/2D/Paper2D/Content/MaskedUnlitSpriteMaterial.uasset" 126
"../../../Engine/Plugins/2D/Paper2D/Content/MaskedUnlitSpriteMaterial.uexp" 127
"../../../Engine/Plugins/2D/Paper2D/Content/DummySprite.uasset" 128
"../../../Engine/Plugins/2D/Paper2D/Content/DummySprite.uexp" 129
"../../../Engine/Plugins/2D/Paper2D/Content/DefaultPaperTerrainMaterial.uasset" 130
"../../../Engine/Plugins/2D/Paper2D/Content/DefaultPaperTerrainMaterial.uexp" 131
"../../../Engine/Plugins/Editor/SpeedTreeImporter/Content/SpeedTree9/game_wind_noise.ubulk" 132
"../../../Engine/Plugins/Editor/SpeedTreeImporter/Content/SpeedTree9/game_wind_noise.uasset" 133
"../../../Engine/Plugins/Editor/SpeedTreeImporter/Content/SpeedTree9/game_wind_noise.uexp" 134
"../../../Engine/Plugins/Editor/SpeedTreeImporter/Content/SpeedTree9/UnpackDirection.uasset" 135
"../../../Engine/Plugins/Editor/SpeedTreeImporter/Content/SpeedTree9/UnpackDirection.uexp" 136
"../../../Engine/Content/Functions/Engine_MaterialFunctions02/ObjectLocalBounds.uasset" 137
"../../../Engine/Content/Functions/Engine_MaterialFunctions02/ObjectLocalBounds.uexp" 138
"../../../Engine/Content/Functions/Engine_MaterialFunctions02/Utility/BreakOutFloat3Components.uasset" 139
"../../../Engine/Content/Functions/Engine_MaterialFunctions02/Utility/BreakOutFloat3Components.uexp" 140
"../../../Engine/Content/Functions/Engine_MaterialFunctions02/UVs/BoundingBoxBased_0-1_UVW.uasset" 141
"../../../Engine/Content/Functions/Engine_MaterialFunctions02/UVs/BoundingBoxBased_0-1_UVW.uexp" 142
"../../../Engine/Content/Functions/Engine_MaterialFunctions02/Utility/VectorLength.uasset" 143
"../../../Engine/Content/Functions/Engine_MaterialFunctions02/Utility/VectorLength.uexp" 144
"../../../Engine/Plugins/Editor/SpeedTreeImporter/Content/SpeedTree9/UnpackInteger3.uasset" 145
"../../../Engine/Plugins/Editor/SpeedTreeImporter/Content/SpeedTree9/UnpackInteger3.uexp" 146
"../../../Engine/Plugins/Editor/SpeedTreeImporter/Content/SpeedTree9/SpeedTreeCameraFacing.uasset" 147
"../../../Engine/Plugins/Editor/SpeedTreeImporter/Content/SpeedTree9/SpeedTreeCameraFacing.uexp" 148
"../../../Engine/Content/Functions/Engine_MaterialFunctions02/WorldPositionOffset/ObjectScale.uasset" 149
"../../../Engine/Content/Functions/Engine_MaterialFunctions02/WorldPositionOffset/ObjectScale.uexp" 150
"../../../Engine/Content/Functions/Engine_MaterialFunctions02/SafeNormalize.uasset" 151
"../../../Engine/Content/Functions/Engine_MaterialFunctions02/SafeNormalize.uexp" 152
"../../../Engine/Plugins/Editor/SpeedTreeImporter/Content/SpeedTree9/SpeedTreeWindMotion.uasset" 153
"../../../Engine/Plugins/Editor/SpeedTreeImporter/Content/SpeedTree9/SpeedTreeWindMotion.uexp" 154
"../../../Engine/Plugins/Editor/SpeedTreeImporter/Content/SpeedTree9/SpeedTreeBranchMotion.uasset" 155
"../../../Engine/Plugins/Editor/SpeedTreeImporter/Content/SpeedTree9/SpeedTreeBranchMotion.uexp" 156
"../../../Engine/Plugins/Editor/SpeedTreeImporter/Content/SpeedTree9/SpeedTreeWind.uasset" 157
"../../../Engine/Plugins/Editor/SpeedTreeImporter/Content/SpeedTree9/SpeedTreeWind.uexp" 158
"../../../Engine/Plugins/Editor/SpeedTreeImporter/Content/SpeedTree9/EmptyNormal.uasset" 159
"../../../Engine/Plugins/Editor/SpeedTreeImporter/Content/SpeedTree9/EmptyNormal.uexp" 160
"../../../Engine/Plugins/Editor/SpeedTreeImporter/Content/SpeedTree9/Empty.uasset" 161
"../../../Engine/Plugins/Editor/SpeedTreeImporter/Content/SpeedTree9/Empty.uexp" 162
"../../../Engine/Plugins/Editor/SpeedTreeImporter/Content/SpeedTree9/SpeedTreeMaster.uasset" 163
"../../../Engine/Plugins/Editor/SpeedTreeImporter/Content/SpeedTree9/SpeedTreeMaster.uexp" 164
"../../../Engine/Plugins/Editor/SpeedTreeImporter/Content/SpeedTree9/SpeedTreeBillboard.uasset" 165
"../../../Engine/Plugins/Editor/SpeedTreeImporter/Content/SpeedTree9/SpeedTreeBillboard.uexp" 166
"../../../Engine/Plugins/Editor/SpeedTreeImporter/Content/SpeedTree9/SpeedTreeBillboardMaster.uasset" 167
"../../../Engine/Plugins/Editor/SpeedTreeImporter/Content/SpeedTree9/SpeedTreeBillboardMaster.uexp" 168
"../../../Engine/Plugins/Animation/ControlRig/Content/Controls/DefaultGizmoLibraryNormalized.uasset" 169
"../../../Engine/Plugins/Animation/ControlRig/Content/Controls/DefaultGizmoLibraryNormalized.uexp" 170
"../../../Engine/Plugins/Animation/ControlRig/Content/Controls/ControlRig_Wedge_solid.ubulk" 171
"../../../Engine/Plugins/Animation/ControlRig/Content/Controls/ControlRig_Wedge_solid.uasset" 172
"../../../Engine/Plugins/Animation/ControlRig/Content/Controls/ControlRig_Wedge_solid.uexp" 173
"../../../Engine/Plugins/Animation/ControlRig/Content/Controls/ControlRig_Wedge_3mm.ubulk" 174
"../../../Engine/Plugins/Animation/ControlRig/Content/Controls/ControlRig_Wedge_3mm.uasset" 175
"../../../Engine/Plugins/Animation/ControlRig/Content/Controls/ControlRig_Wedge_3mm.uexp" 176
"../../../Engine/Plugins/Animation/ControlRig/Content/Controls/ControlRig_Wedge_1mm.ubulk" 177
"../../../Engine/Plugins/Animation/ControlRig/Content/Controls/ControlRig_Wedge_1mm.uasset" 178
"../../../Engine/Plugins/Animation/ControlRig/Content/Controls/ControlRig_Wedge_1mm.uexp" 179
"../../../Engine/Plugins/Animation/ControlRig/Content/Controls/ControlRig_Triangle_solid.ubulk" 180
"../../../Engine/Plugins/Animation/ControlRig/Content/Controls/ControlRig_Triangle_solid.uasset" 181
"../../../Engine/Plugins/Animation/ControlRig/Content/Controls/ControlRig_Triangle_solid.uexp" 182
"../../../Engine/Plugins/Animation/ControlRig/Content/Controls/ControlRig_Triangle_3mm.ubulk" 183
"../../../Engine/Plugins/Animation/ControlRig/Content/Controls/ControlRig_Triangle_3mm.uasset" 184
"../../../Engine/Plugins/Animation/ControlRig/Content/Controls/ControlRig_Triangle_3mm.uexp" 185
"../../../Engine/Plugins/Animation/ControlRig/Content/Controls/ControlRig_Triangle_1mm.ubulk" 186
"../../../Engine/Plugins/Animation/ControlRig/Content/Controls/ControlRig_Triangle_1mm.uasset" 187
"../../../Engine/Plugins/Animation/ControlRig/Content/Controls/ControlRig_Triangle_1mm.uexp" 188
"../../../Engine/Plugins/Animation/ControlRig/Content/Controls/ControlRig_Star4_solid.ubulk" 189
"../../../Engine/Plugins/Animation/ControlRig/Content/Controls/ControlRig_Star4_solid.uasset" 190
"../../../Engine/Plugins/Animation/ControlRig/Content/Controls/ControlRig_Star4_solid.uexp" 191
"../../../Engine/Plugins/Animation/ControlRig/Content/Controls/ControlRig_Star4_3mm.ubulk" 192
"../../../Engine/Plugins/Animation/ControlRig/Content/Controls/ControlRig_Star4_3mm.uasset" 193
"../../../Engine/Plugins/Animation/ControlRig/Content/Controls/ControlRig_Star4_3mm.uexp" 194
"../../../Engine/Plugins/Animation/ControlRig/Content/Controls/ControlRig_Star4_1mm.ubulk" 195
"../../../Engine/Plugins/Animation/ControlRig/Content/Controls/ControlRig_Star4_1mm.uasset" 196
"../../../Engine/Plugins/Animation/ControlRig/Content/Controls/ControlRig_Star4_1mm.uexp" 197
"../../../Engine/Plugins/Animation/ControlRig/Content/Controls/ControlRig_Square_solid.ubulk" 198
"../../../Engine/Plugins/Animation/ControlRig/Content/Controls/ControlRig_Square_solid.uasset" 199
"../../../Engine/Plugins/Animation/ControlRig/Content/Controls/ControlRig_Square_solid.uexp" 200
"../../../Engine/Plugins/Animation/ControlRig/Content/Controls/ControlRig_Square_3mm.ubulk" 201
"../../../Engine/Plugins/Animation/ControlRig/Content/Controls/ControlRig_Square_3mm.uasset" 202
"../../../Engine/Plugins/Animation/ControlRig/Content/Controls/ControlRig_Square_3mm.uexp" 203
"../../../Engine/Plugins/Animation/ControlRig/Content/Controls/ControlRig_Square_1mm.ubulk" 204
"../../../Engine/Plugins/Animation/ControlRig/Content/Controls/ControlRig_Square_1mm.uasset" 205
"../../../Engine/Plugins/Animation/ControlRig/Content/Controls/ControlRig_Square_1mm.uexp" 206
"../../../Engine/Plugins/Animation/ControlRig/Content/Controls/ControlRig_Sphere_solid.ubulk" 207
"../../../Engine/Plugins/Animation/ControlRig/Content/Controls/ControlRig_Sphere_solid.uasset" 208
"../../../Engine/Plugins/Animation/ControlRig/Content/Controls/ControlRig_Sphere_solid.uexp" 209
"../../../Engine/Plugins/Animation/ControlRig/Content/Controls/ControlRig_Sphere_3mm.ubulk" 210
"../../../Engine/Plugins/Animation/ControlRig/Content/Controls/ControlRig_Sphere_3mm.uasset" 211
"../../../Engine/Plugins/Animation/ControlRig/Content/Controls/ControlRig_Sphere_3mm.uexp" 212
"../../../Engine/Plugins/Animation/ControlRig/Content/Controls/ControlRig_Sphere_1mm.ubulk" 213
"../../../Engine/Plugins/Animation/ControlRig/Content/Controls/ControlRig_Sphere_1mm.uasset" 214
"../../../Engine/Plugins/Animation/ControlRig/Content/Controls/ControlRig_Sphere_1mm.uexp" 215
"../../../Engine/Plugins/Animation/ControlRig/Content/Controls/ControlRig_RoundedTriangle_solid.ubulk" 216
"../../../Engine/Plugins/Animation/ControlRig/Content/Controls/ControlRig_RoundedTriangle_solid.uasset" 217
"../../../Engine/Plugins/Animation/ControlRig/Content/Controls/ControlRig_RoundedTriangle_solid.uexp" 218
"../../../Engine/Plugins/Animation/ControlRig/Content/Controls/ControlRig_RoundedTriangle_3mm.ubulk" 219
"../../../Engine/Plugins/Animation/ControlRig/Content/Controls/ControlRig_RoundedTriangle_3mm.uasset" 220
"../../../Engine/Plugins/Animation/ControlRig/Content/Controls/ControlRig_RoundedTriangle_3mm.uexp" 221
"../../../Engine/Plugins/Animation/ControlRig/Content/Controls/ControlRig_RoundedTriangle_1mm.ubulk" 222
"../../../Engine/Plugins/Animation/ControlRig/Content/Controls/ControlRig_RoundedTriangle_1mm.uasset" 223
"../../../Engine/Plugins/Animation/ControlRig/Content/Controls/ControlRig_RoundedTriangle_1mm.uexp" 224
"../../../Engine/Plugins/Animation/ControlRig/Content/Controls/ControlRig_RoundedSquare_solid.ubulk" 225
"../../../Engine/Plugins/Animation/ControlRig/Content/Controls/ControlRig_RoundedSquare_solid.uasset" 226
"../../../Engine/Plugins/Animation/ControlRig/Content/Controls/ControlRig_RoundedSquare_solid.uexp" 227
"../../../Engine/Plugins/Animation/ControlRig/Content/Controls/ControlRig_RoundedSquare_3mm.ubulk" 228
"../../../Engine/Plugins/Animation/ControlRig/Content/Controls/ControlRig_RoundedSquare_3mm.uasset" 229
"../../../Engine/Plugins/Animation/ControlRig/Content/Controls/ControlRig_RoundedSquare_3mm.uexp" 230
"../../../Engine/Plugins/Animation/ControlRig/Content/Controls/ControlRig_RoundedSquare_1mm.ubulk" 231
"../../../Engine/Plugins/Animation/ControlRig/Content/Controls/ControlRig_RoundedSquare_1mm.uasset" 232
"../../../Engine/Plugins/Animation/ControlRig/Content/Controls/ControlRig_RoundedSquare_1mm.uexp" 233
"../../../Engine/Plugins/Animation/ControlRig/Content/Controls/ControlRig_QuarterCircle_solid.ubulk" 234
"../../../Engine/Plugins/Animation/ControlRig/Content/Controls/ControlRig_QuarterCircle_solid.uasset" 235
"../../../Engine/Plugins/Animation/ControlRig/Content/Controls/ControlRig_QuarterCircle_solid.uexp" 236
"../../../Engine/Plugins/Animation/ControlRig/Content/Controls/ControlRig_QuarterCircle_3mm.ubulk" 237
"../../../Engine/Plugins/Animation/ControlRig/Content/Controls/ControlRig_QuarterCircle_3mm.uasset" 238
"../../../Engine/Plugins/Animation/ControlRig/Content/Controls/ControlRig_QuarterCircle_3mm.uexp" 239
"../../../Engine/Plugins/Animation/ControlRig/Content/Controls/ControlRig_QuarterCircle_1mm.ubulk" 240
"../../../Engine/Plugins/Animation/ControlRig/Content/Controls/ControlRig_QuarterCircle_1mm.uasset" 241
"../../../Engine/Plugins/Animation/ControlRig/Content/Controls/ControlRig_QuarterCircle_1mm.uexp" 242
"../../../Engine/Plugins/Animation/ControlRig/Content/Controls/ControlRig_Pyramid_solid.ubulk" 243
"../../../Engine/Plugins/Animation/ControlRig/Content/Controls/ControlRig_Pyramid_solid.uasset" 244
"../../../Engine/Plugins/Animation/ControlRig/Content/Controls/ControlRig_Pyramid_solid.uexp" 245
"../../../Engine/Plugins/Animation/ControlRig/Content/Controls/ControlRig_Pyramid_3mm.ubulk" 246
"../../../Engine/Plugins/Animation/ControlRig/Content/Controls/ControlRig_Pyramid_3mm.uasset" 247
"../../../Engine/Plugins/Animation/ControlRig/Content/Controls/ControlRig_Pyramid_3mm.uexp" 248
"../../../Engine/Plugins/Animation/ControlRig/Content/Controls/ControlRig_Pyramid_1mm.ubulk" 249
"../../../Engine/Plugins/Animation/ControlRig/Content/Controls/ControlRig_Pyramid_1mm.uasset" 250
"../../../Engine/Plugins/Animation/ControlRig/Content/Controls/ControlRig_Pyramid_1mm.uexp" 251
"../../../Engine/Plugins/Animation/ControlRig/Content/Controls/ControlRig_Octagon_solid.ubulk" 252
"../../../Engine/Plugins/Animation/ControlRig/Content/Controls/ControlRig_Octagon_solid.uasset" 253
"../../../Engine/Plugins/Animation/ControlRig/Content/Controls/ControlRig_Octagon_solid.uexp" 254
"../../../Engine/Plugins/Animation/ControlRig/Content/Controls/ControlRig_Octagon_3mm.ubulk" 255
"../../../Engine/Plugins/Animation/ControlRig/Content/Controls/ControlRig_Octagon_3mm.uasset" 256
"../../../Engine/Plugins/Animation/ControlRig/Content/Controls/ControlRig_Octagon_3mm.uexp" 257
"../../../Engine/Plugins/Animation/ControlRig/Content/Controls/ControlRig_Octagon_1mm.ubulk" 258
"../../../Engine/Plugins/Animation/ControlRig/Content/Controls/ControlRig_Octagon_1mm.uasset" 259
"../../../Engine/Plugins/Animation/ControlRig/Content/Controls/ControlRig_Octagon_1mm.uexp" 260
"../../../Engine/Plugins/Animation/ControlRig/Content/Controls/ControlRig_Hexagon_solid.ubulk" 261
"../../../Engine/Plugins/Animation/ControlRig/Content/Controls/ControlRig_Hexagon_solid.uasset" 262
"../../../Engine/Plugins/Animation/ControlRig/Content/Controls/ControlRig_Hexagon_solid.uexp" 263
"../../../Engine/Plugins/Animation/ControlRig/Content/Controls/ControlRig_Hexagon_3mm.ubulk" 264
"../../../Engine/Plugins/Animation/ControlRig/Content/Controls/ControlRig_Hexagon_3mm.uasset" 265
"../../../Engine/Plugins/Animation/ControlRig/Content/Controls/ControlRig_Hexagon_3mm.uexp" 266
"../../../Engine/Plugins/Animation/ControlRig/Content/Controls/ControlRig_Hexagon_1mm.ubulk" 267
"../../../Engine/Plugins/Animation/ControlRig/Content/Controls/ControlRig_Hexagon_1mm.uasset" 268
"../../../Engine/Plugins/Animation/ControlRig/Content/Controls/ControlRig_Hexagon_1mm.uexp" 269
"../../../Engine/Plugins/Animation/ControlRig/Content/Controls/ControlRig_HalfCircle_solid.ubulk" 270
"../../../Engine/Plugins/Animation/ControlRig/Content/Controls/ControlRig_HalfCircle_solid.uasset" 271
"../../../Engine/Plugins/Animation/ControlRig/Content/Controls/ControlRig_HalfCircle_solid.uexp" 272
"../../../Engine/Plugins/Animation/ControlRig/Content/Controls/ControlRig_HalfCircle_3mm.ubulk" 273
"../../../Engine/Plugins/Animation/ControlRig/Content/Controls/ControlRig_HalfCircle_3mm.uasset" 274
"../../../Engine/Plugins/Animation/ControlRig/Content/Controls/ControlRig_HalfCircle_3mm.uexp" 275
"../../../Engine/Plugins/Animation/ControlRig/Content/Controls/ControlRig_HalfCircle_1mm.ubulk" 276
"../../../Engine/Plugins/Animation/ControlRig/Content/Controls/ControlRig_HalfCircle_1mm.uasset" 277
"../../../Engine/Plugins/Animation/ControlRig/Content/Controls/ControlRig_HalfCircle_1mm.uexp" 278
"../../../Engine/Plugins/Animation/ControlRig/Content/Controls/ControlRig_Diamond_solid.ubulk" 279
"../../../Engine/Plugins/Animation/ControlRig/Content/Controls/ControlRig_Diamond_solid.uasset" 280
"../../../Engine/Plugins/Animation/ControlRig/Content/Controls/ControlRig_Diamond_solid.uexp" 281
"../../../Engine/Plugins/Animation/ControlRig/Content/Controls/ControlRig_Diamond_3mm.ubulk" 282
"../../../Engine/Plugins/Animation/ControlRig/Content/Controls/ControlRig_Diamond_3mm.uasset" 283
"../../../Engine/Plugins/Animation/ControlRig/Content/Controls/ControlRig_Diamond_3mm.uexp" 284
"../../../Engine/Plugins/Animation/ControlRig/Content/Controls/ControlRig_Diamond_1mm.ubulk" 285
"../../../Engine/Plugins/Animation/ControlRig/Content/Controls/ControlRig_Diamond_1mm.uasset" 286
"../../../Engine/Plugins/Animation/ControlRig/Content/Controls/ControlRig_Diamond_1mm.uexp" 287
"../../../Engine/Plugins/Animation/ControlRig/Content/Controls/ControlRig_Circle_solid.ubulk" 288
"../../../Engine/Plugins/Animation/ControlRig/Content/Controls/ControlRig_Circle_solid.uasset" 289
"../../../Engine/Plugins/Animation/ControlRig/Content/Controls/ControlRig_Circle_solid.uexp" 290
"../../../Engine/Plugins/Animation/ControlRig/Content/Controls/ControlRig_Circle_3mm.ubulk" 291
"../../../Engine/Plugins/Animation/ControlRig/Content/Controls/ControlRig_Circle_3mm.uasset" 292
"../../../Engine/Plugins/Animation/ControlRig/Content/Controls/ControlRig_Circle_3mm.uexp" 293
"../../../Engine/Plugins/Animation/ControlRig/Content/Controls/ControlRig_Circle_1mm.ubulk" 294
"../../../Engine/Plugins/Animation/ControlRig/Content/Controls/ControlRig_Circle_1mm.uasset" 295
"../../../Engine/Plugins/Animation/ControlRig/Content/Controls/ControlRig_Circle_1mm.uexp" 296
"../../../Engine/Plugins/Animation/ControlRig/Content/Controls/ControlRig_Box_solid.ubulk" 297
"../../../Engine/Plugins/Animation/ControlRig/Content/Controls/ControlRig_Box_solid.uasset" 298
"../../../Engine/Plugins/Animation/ControlRig/Content/Controls/ControlRig_Box_solid.uexp" 299
"../../../Engine/Plugins/Animation/ControlRig/Content/Controls/ControlRig_Box_3mm.ubulk" 300
"../../../Engine/Plugins/Animation/ControlRig/Content/Controls/ControlRig_Box_3mm.uasset" 301
"../../../Engine/Plugins/Animation/ControlRig/Content/Controls/ControlRig_Box_3mm.uexp" 302
"../../../Engine/Plugins/Animation/ControlRig/Content/Controls/ControlRig_Box_1mm.ubulk" 303
"../../../Engine/Plugins/Animation/ControlRig/Content/Controls/ControlRig_Box_1mm.uasset" 304
"../../../Engine/Plugins/Animation/ControlRig/Content/Controls/ControlRig_Box_1mm.uexp" 305
"../../../Engine/Plugins/Animation/ControlRig/Content/Controls/ControlRig_Arrow_solid.ubulk" 306
"../../../Engine/Plugins/Animation/ControlRig/Content/Controls/ControlRig_Arrow_solid.uasset" 307
"../../../Engine/Plugins/Animation/ControlRig/Content/Controls/ControlRig_Arrow_solid.uexp" 308
"../../../Engine/Plugins/Animation/ControlRig/Content/Controls/ControlRig_Arrow_3mm.ubulk" 309
"../../../Engine/Plugins/Animation/ControlRig/Content/Controls/ControlRig_Arrow_3mm.uasset" 310
"../../../Engine/Plugins/Animation/ControlRig/Content/Controls/ControlRig_Arrow_3mm.uexp" 311
"../../../Engine/Plugins/Animation/ControlRig/Content/Controls/ControlRig_Arrow_1mm.ubulk" 312
"../../../Engine/Plugins/Animation/ControlRig/Content/Controls/ControlRig_Arrow_1mm.uasset" 313
"../../../Engine/Plugins/Animation/ControlRig/Content/Controls/ControlRig_Arrow_1mm.uexp" 314
"../../../Engine/Plugins/Animation/ControlRig/Content/Controls/ControlRig_Arrow4_solid.ubulk" 315
"../../../Engine/Plugins/Animation/ControlRig/Content/Controls/ControlRig_Arrow4_solid.uasset" 316
"../../../Engine/Plugins/Animation/ControlRig/Content/Controls/ControlRig_Arrow4_solid.uexp" 317
"../../../Engine/Plugins/Animation/ControlRig/Content/Controls/ControlRig_Arrow4_3mm.ubulk" 318
"../../../Engine/Plugins/Animation/ControlRig/Content/Controls/ControlRig_Arrow4_3mm.uasset" 319
"../../../Engine/Plugins/Animation/ControlRig/Content/Controls/ControlRig_Arrow4_3mm.uexp" 320
"../../../Engine/Plugins/Animation/ControlRig/Content/Controls/ControlRig_Arrow4_1mm.ubulk" 321
"../../../Engine/Plugins/Animation/ControlRig/Content/Controls/ControlRig_Arrow4_1mm.uasset" 322
"../../../Engine/Plugins/Animation/ControlRig/Content/Controls/ControlRig_Arrow4_1mm.uexp" 323
"../../../Engine/Plugins/Animation/ControlRig/Content/Controls/ControlRig_Arrow2_solid.ubulk" 324
"../../../Engine/Plugins/Animation/ControlRig/Content/Controls/ControlRig_Arrow2_solid.uasset" 325
"../../../Engine/Plugins/Animation/ControlRig/Content/Controls/ControlRig_Arrow2_solid.uexp" 326
"../../../Engine/Plugins/Animation/ControlRig/Content/Controls/ControlRig_Arrow2_3mm.ubulk" 327
"../../../Engine/Plugins/Animation/ControlRig/Content/Controls/ControlRig_Arrow2_3mm.uasset" 328
"../../../Engine/Plugins/Animation/ControlRig/Content/Controls/ControlRig_Arrow2_3mm.uexp" 329
"../../../Engine/Plugins/Animation/ControlRig/Content/Controls/ControlRig_Arrow2_1mm.ubulk" 330
"../../../Engine/Plugins/Animation/ControlRig/Content/Controls/ControlRig_Arrow2_1mm.uasset" 331
"../../../Engine/Plugins/Animation/ControlRig/Content/Controls/ControlRig_Arrow2_1mm.uexp" 332
"../../../Engine/Plugins/Animation/ControlRig/Content/Controls/ControlRigXRayMaterial.uasset" 333
"../../../Engine/Plugins/Animation/ControlRig/Content/Controls/ControlRigXRayMaterial.uexp" 334
"../../../Engine/Plugins/Animation/ControlRig/Content/Controls/ControlRigGizmoMaterial.uasset" 335
"../../../Engine/Plugins/Animation/ControlRig/Content/Controls/ControlRigGizmoMaterial.uexp" 336
"../../../Engine/Content/VREditor/TransformGizmo/StartRotationHandleIndicator.ubulk" 337
"../../../Engine/Content/VREditor/TransformGizmo/StartRotationHandleIndicator.uasset" 338
"../../../Engine/Content/VREditor/TransformGizmo/StartRotationHandleIndicator.uexp" 339
"../../../Engine/Content/VREditor/Sounds/UI/Drop_Item_From_ContentBrowser.ubulk" 340
"../../../Engine/Content/VREditor/Sounds/UI/Drop_Item_From_ContentBrowser.uasset" 341
"../../../Engine/Content/VREditor/Sounds/UI/Drop_Item_From_ContentBrowser.uexp" 342
"../../../Engine/Content/VREditor/TransformGizmo/PlaneTranslationHandle.ubulk" 343
"../../../Engine/Content/VREditor/TransformGizmo/PlaneTranslationHandle.uasset" 344
"../../../Engine/Content/VREditor/TransformGizmo/PlaneTranslationHandle.uexp" 345
"../../../Engine/Content/VREditor/Sounds/UI/Object_Snaps_To_Grid.ubulk" 346
"../../../Engine/Content/VREditor/Sounds/UI/Object_Snaps_To_Grid.uasset" 347
"../../../Engine/Content/VREditor/Sounds/UI/Object_Snaps_To_Grid.uexp" 348
"../../../Engine/Content/VREditor/Sounds/UI/Selection_Changes.ubulk" 349
"../../../Engine/Content/VREditor/Sounds/UI/Selection_Changes.uasset" 350
"../../../Engine/Content/VREditor/Sounds/UI/Selection_Changes.uexp" 351
"../../../Engine/Content/VREditor/Sounds/UI/Object_Snaps_To_Another_Actor.ubulk" 352
"../../../Engine/Content/VREditor/Sounds/UI/Object_Snaps_To_Another_Actor.uasset" 353
"../../../Engine/Content/VREditor/Sounds/UI/Object_Snaps_To_Another_Actor.uexp" 354
"../../../Engine/Content/VREditor/TransformGizmo/TranslucentTransformGizmoMaterial_Inst.uasset" 355
"../../../Engine/Content/VREditor/TransformGizmo/TranslucentTransformGizmoMaterial_Inst.uexp" 356
"../../../Engine/Content/VREditor/TransformGizmo/TransformGizmoFreeRotation.ubulk" 357
"../../../Engine/Content/VREditor/TransformGizmo/TransformGizmoFreeRotation.uasset" 358
"../../../Engine/Content/VREditor/TransformGizmo/TransformGizmoFreeRotation.uexp" 359
"../../../Engine/Content/VREditor/Sounds/UI/Scaling_Down.ubulk" 360
"../../../Engine/Content/VREditor/Sounds/UI/Scaling_Down.uasset" 361
"../../../Engine/Content/VREditor/Sounds/UI/Scaling_Down.uexp" 362
"../../../Engine/Content/Functions/Engine_MaterialFunctions02/Math/Transform3x3Matrix.uasset" 363
"../../../Engine/Content/Functions/Engine_MaterialFunctions02/Math/Transform3x3Matrix.uexp" 364
"../../../Engine/Content/Functions/Engine_MaterialFunctions02/SplitComponents.uasset" 365
"../../../Engine/Content/Functions/Engine_MaterialFunctions02/SplitComponents.uexp" 366
"../../../Engine/Content/Functions/Engine_MaterialFunctions02/Utility/MakeFloat3.uasset" 367
"../../../Engine/Content/Functions/Engine_MaterialFunctions02/Utility/MakeFloat3.uexp" 368
"../../../Engine/Content/VREditor/SnapGrid/SnapGridMaterial.uasset" 369
"../../../Engine/Content/VREditor/SnapGrid/SnapGridMaterial.uexp" 370
"../../../Engine/Content/VREditor/SnapGrid/SnapGridPlaneMesh.ubulk" 371
"../../../Engine/Content/VREditor/SnapGrid/SnapGridPlaneMesh.uasset" 372
"../../../Engine/Content/VREditor/SnapGrid/SnapGridPlaneMesh.uexp" 373
"../../../Engine/Content/VREditor/Sounds/UI/Scaling_Up.ubulk" 374
"../../../Engine/Content/VREditor/Sounds/UI/Scaling_Up.uasset" 375
"../../../Engine/Content/VREditor/Sounds/UI/Scaling_Up.uexp" 376
"../../../Engine/Content/VREditor/TransformGizmo/TransformGizmoMaterial_Inst.uasset" 377
"../../../Engine/Content/VREditor/TransformGizmo/TransformGizmoMaterial_Inst.uexp" 378
"../../../Engine/Content/VREditor/Sounds/UI/Gizmo_Handle_Clicked.ubulk" 379
"../../../Engine/Content/VREditor/Sounds/UI/Gizmo_Handle_Clicked.uasset" 380
"../../../Engine/Content/VREditor/Sounds/UI/Gizmo_Handle_Clicked.uexp" 381
"../../../Engine/Content/VREditor/TransformGizmo/RotationHandleQuarter.ubulk" 382
"../../../Engine/Content/VREditor/TransformGizmo/RotationHandleQuarter.uasset" 383
"../../../Engine/Content/VREditor/TransformGizmo/RotationHandleQuarter.uexp" 384
"../../../Engine/Content/VREditor/TransformGizmo/TranslateArrowHandle.ubulk" 385
"../../../Engine/Content/VREditor/TransformGizmo/TranslateArrowHandle.uasset" 386
"../../../Engine/Content/VREditor/TransformGizmo/TranslateArrowHandle.uexp" 387
"../../../Engine/Content/VREditor/TransformGizmo/RotationHandleIndicator.ubulk" 388
"../../../Engine/Content/VREditor/TransformGizmo/RotationHandleIndicator.uasset" 389
"../../../Engine/Content/VREditor/TransformGizmo/RotationHandleIndicator.uexp" 390
"../../../Engine/Content/VREditor/TransformGizmo/UniformScaleHandle.ubulk" 391
"../../../Engine/Content/VREditor/TransformGizmo/UniformScaleHandle.uasset" 392
"../../../Engine/Content/VREditor/TransformGizmo/UniformScaleHandle.uexp" 393
"../../../Engine/Content/VREditor/TransformGizmo/RotationHandleFull.ubulk" 394
"../../../Engine/Content/VREditor/TransformGizmo/RotationHandleFull.uasset" 395
"../../../Engine/Content/VREditor/TransformGizmo/RotationHandleFull.uexp" 396
"../../../Engine/Content/VREditor/Sounds/UI/Object_PickUp.ubulk" 397
"../../../Engine/Content/VREditor/Sounds/UI/Object_PickUp.uasset" 398
"../../../Engine/Content/VREditor/Sounds/UI/Object_PickUp.uexp" 399
"../../../Engine/Content/EngineSounds/Master.uasset" 400
"../../../Engine/Content/EngineSounds/Master.uexp" 401
"../../../Engine/Content/EngineResources/WhiteSquareTexture.uasset" 402
"../../../Engine/Content/EngineResources/WhiteSquareTexture.uexp" 403
"../../../Engine/Content/EngineMaterials/Widget3DPassThrough.uasset" 404
"../../../Engine/Content/EngineMaterials/Widget3DPassThrough.uexp" 405
"../../../Engine/Content/EngineMaterials/Widget3DPassThrough_Translucent.uasset" 406
"../../../Engine/Content/EngineMaterials/Widget3DPassThrough_Translucent.uexp" 407
"../../../Engine/Content/EngineMaterials/Widget3DPassThrough_Translucent_OneSided.uasset" 408
"../../../Engine/Content/EngineMaterials/Widget3DPassThrough_Translucent_OneSided.uexp" 409
"../../../Engine/Content/EngineMaterials/Widget3DPassThrough_Opaque.uasset" 410
"../../../Engine/Content/EngineMaterials/Widget3DPassThrough_Opaque.uexp" 411
"../../../Engine/Content/EngineMaterials/Widget3DPassThrough_Opaque_OneSided.uasset" 412
"../../../Engine/Content/EngineMaterials/Widget3DPassThrough_Opaque_OneSided.uexp" 413
"../../../Engine/Content/EngineMaterials/Widget3DPassThrough_Masked_OneSided.uasset" 414
"../../../Engine/Content/EngineMaterials/Widget3DPassThrough_Masked_OneSided.uexp" 415
"../../../Engine/Content/EngineMaterials/Widget3DPassThrough_Masked.uasset" 416
"../../../Engine/Content/EngineMaterials/Widget3DPassThrough_Masked.uexp" 417
"../../../Engine/Content/EngineMaterials/STBlueNoise_vec2_128x128x64.uasset" 418
"../../../Engine/Content/EngineMaterials/STBlueNoise_vec2_128x128x64.uexp" 419
"../../../Engine/Content/EngineMaterials/STBlueNoise_scalar_128x128x64.uasset" 420
"../../../Engine/Content/EngineMaterials/STBlueNoise_scalar_128x128x64.uexp" 421
"../../../Engine/Content/EngineMaterials/RemoveSurfaceMaterial.uasset" 422
"../../../Engine/Content/EngineMaterials/RemoveSurfaceMaterial.uexp" 423
"../../../Engine/Content/EngineMaterials/DefaultCalibrationGrayscale.uasset" 424
"../../../Engine/Content/EngineMaterials/DefaultCalibrationGrayscale.uexp" 425
"../../../Engine/Content/EngineMaterials/PPM_DefaultCalibrationGrayscale.uasset" 426
"../../../Engine/Content/EngineMaterials/PPM_DefaultCalibrationGrayscale.uexp" 427
"../../../Engine/Content/EngineMaterials/DefaultCalibrationColor.uasset" 428
"../../../Engine/Content/EngineMaterials/DefaultCalibrationColor.uexp" 429
"../../../Engine/Content/EngineMaterials/PPM_DefaultCalibrationColor.uasset" 430
"../../../Engine/Content/EngineMaterials/PPM_DefaultCalibrationColor.uexp" 431
"../../../Engine/Content/EngineMaterials/PhAT_JointLimitMaterial.uasset" 432
"../../../Engine/Content/EngineMaterials/PhAT_JointLimitMaterial.uexp" 433
"../../../Engine/Content/EngineMaterials/NaniteHiddenSectionMaterial.uasset" 434
"../../../Engine/Content/EngineMaterials/NaniteHiddenSectionMaterial.uexp" 435
"../../../Engine/Content/EngineMaterials/InvalidLightmapSettings.ubulk" 436
"../../../Engine/Content/EngineMaterials/InvalidLightmapSettings.uasset" 437
"../../../Engine/Content/EngineMaterials/InvalidLightmapSettings.uexp" 438
"../../../Engine/Content/EngineMaterials/M_InvalidLightmapSettings.uasset" 439
"../../../Engine/Content/EngineMaterials/M_InvalidLightmapSettings.uexp" 440
"../../../Engine/Content/EngineMaterials/GizmoMaterial.uasset" 441
"../../../Engine/Content/EngineMaterials/GizmoMaterial.uexp" 442
"../../../Engine/Content/EngineMaterials/BaseFlattenEmissiveMap_VT.uasset" 443
"../../../Engine/Content/EngineMaterials/BaseFlattenEmissiveMap_VT.uexp" 444
"../../../Engine/Content/EngineMaterials/BaseFlattenGrayscaleMap_VT.uasset" 445
"../../../Engine/Content/EngineMaterials/BaseFlattenGrayscaleMap_VT.uexp" 446
"../../../Engine/Content/EngineMaterials/BaseFlattenLinearColor_VT.uasset" 447
"../../../Engine/Content/EngineMaterials/BaseFlattenLinearColor_VT.uexp" 448
"../../../Engine/Content/EngineMaterials/Black_1x1_EXR_Texture_VT.uasset" 449
"../../../Engine/Content/EngineMaterials/Black_1x1_EXR_Texture_VT.uexp" 450
"../../../Engine/Content/EngineMaterials/BaseFlattenDiffuseMap_VT.uasset" 451
"../../../Engine/Content/EngineMaterials/BaseFlattenDiffuseMap_VT.uexp" 452
"../../../Engine/Content/EngineMaterials/BaseFlattenNormalMap_VT.uasset" 453
"../../../Engine/Content/EngineMaterials/BaseFlattenNormalMap_VT.uexp" 454
"../../../Engine/Content/EngineMaterials/FlattenMaterial_WS_Normal_VT.uasset" 455
"../../../Engine/Content/EngineMaterials/FlattenMaterial_WS_Normal_VT.uexp" 456
"../../../Engine/Content/EngineMaterials/FlattenMaterial_VT.uasset" 457
"../../../Engine/Content/EngineMaterials/FlattenMaterial_VT.uexp" 458
"../../../Engine/Content/EngineMaterials/BaseFlattenNormalMap.uasset" 459
"../../../Engine/Content/EngineMaterials/BaseFlattenNormalMap.uexp" 460
"../../../Engine/Content/EngineMaterials/BaseFlattenGrayscaleMap.uasset" 461
"../../../Engine/Content/EngineMaterials/BaseFlattenGrayscaleMap.uexp" 462
"../../../Engine/Content/EngineMaterials/BaseFlattenDiffuseMap.uasset" 463
"../../../Engine/Content/EngineMaterials/BaseFlattenDiffuseMap.uexp" 464
"../../../Engine/Content/Functions/Engine_MaterialFunctions02/PivotPainter2/Black_1x1_EXR_Texture.uasset" 465
"../../../Engine/Content/Functions/Engine_MaterialFunctions02/PivotPainter2/Black_1x1_EXR_Texture.uexp" 466
"../../../Engine/Content/EngineMaterials/BaseFlattenEmissiveMap.uasset" 467
"../../../Engine/Content/EngineMaterials/BaseFlattenEmissiveMap.uexp" 468
"../../../Engine/Content/EngineMaterials/BaseFlattenLinearColor.uasset" 469
"../../../Engine/Content/EngineMaterials/BaseFlattenLinearColor.uexp" 470
"../../../Engine/Content/EngineMaterials/FlattenMaterial.uasset" 471
"../../../Engine/Content/EngineMaterials/FlattenMaterial.uexp" 472
"../../../Engine/Content/EngineMaterials/DefaultWhiteGrid_Low.uasset" 473
"../../../Engine/Content/EngineMaterials/DefaultWhiteGrid_Low.uexp" 474
"../../../Engine/Content/EngineMaterials/EmissiveMeshMaterial.uasset" 475
"../../../Engine/Content/EngineMaterials/EmissiveMeshMaterial.uexp" 476
"../../../Engine/Content/EngineFonts/RobotoDistanceField.uasset" 477
"../../../Engine/Content/EngineFonts/RobotoDistanceField.uexp" 478
"../../../Engine/Content/EngineMaterials/DefaultTextMaterialOpaque.uasset" 479
"../../../Engine/Content/EngineMaterials/DefaultTextMaterialOpaque.uexp" 480
"../../../Engine/Content/EngineMaterials/DefaultDiffuse.ubulk" 481
"../../../Engine/Content/EngineMaterials/DefaultDiffuse.uasset" 482
"../../../Engine/Content/EngineMaterials/DefaultDiffuse.uexp" 483
"../../../Engine/Content/Functions/Engine_MaterialFunctions02/Utility/BreakOutFloat2Components.uasset" 484
"../../../Engine/Content/Functions/Engine_MaterialFunctions02/Utility/BreakOutFloat2Components.uexp" 485
"../../../Engine/Content/EngineMaterials/DefaultPostProcessMaterial.uasset" 486
"../../../Engine/Content/EngineMaterials/DefaultPostProcessMaterial.uexp" 487
"../../../Engine/Content/EngineMaterials/DefaultPhysicalMaterial.uasset" 488
"../../../Engine/Content/EngineMaterials/DefaultPhysicalMaterial.uexp" 489
"../../../Engine/Content/EngineMaterials/DefaultLightFunctionMaterial.uasset" 490
"../../../Engine/Content/EngineMaterials/DefaultLightFunctionMaterial.uexp" 491
"../../../Engine/Content/EngineMaterials/DefaultDestructiblePhysicalMaterial.uasset" 492
"../../../Engine/Content/EngineMaterials/DefaultDestructiblePhysicalMaterial.uexp" 493
"../../../Engine/Content/EngineMaterials/DefaultDeferredDecalMaterial.uasset" 494
"../../../Engine/Content/EngineMaterials/DefaultDeferredDecalMaterial.uexp" 495
"../../../Engine/Content/EngineMaterials/DefaultBloomKernel.uasset" 496
"../../../Engine/Content/EngineMaterials/DefaultBloomKernel.uexp" 497
"../../../Engine/Content/EngineFonts/Faces/RobotoLight.uexp" 498
"../../../Engine/Content/EngineFonts/Faces/RobotoLight.uasset" 499
"../../../Engine/Content/EngineFonts/Faces/RobotoLight.ufont" 500
"../../../Engine/Content/EngineFonts/Faces/RobotoBold.uexp" 501
"../../../Engine/Content/EngineFonts/Faces/RobotoBold.uasset" 502
"../../../Engine/Content/EngineFonts/Faces/RobotoBold.ufont" 503
"../../../Engine/Content/EngineFonts/Faces/RobotoRegular.uexp" 504
"../../../Engine/Content/EngineFonts/Faces/RobotoRegular.uasset" 505
"../../../Engine/Content/EngineFonts/Faces/RobotoRegular.ufont" 506
"../../../Engine/Content/EngineFonts/Faces/DroidSansFallback.uexp" 507
"../../../Engine/Content/EngineFonts/Faces/DroidSansFallback.uasset" 508
"../../../Engine/Content/EngineFonts/Faces/DroidSansFallback.ufont" 509
"../../../Engine/Content/EngineFonts/Faces/RobotoItalic.uexp" 510
"../../../Engine/Content/EngineFonts/Faces/RobotoItalic.uasset" 511
"../../../Engine/Content/EngineFonts/Faces/RobotoItalic.ufont" 512
"../../../Engine/Content/EngineFonts/Faces/RobotoBoldItalic.uexp" 513
"../../../Engine/Content/EngineFonts/Faces/RobotoBoldItalic.uasset" 514
"../../../Engine/Content/EngineFonts/Faces/RobotoBoldItalic.ufont" 515
"../../../Engine/Content/EngineFonts/Roboto.uasset" 516
"../../../Engine/Content/EngineFonts/Roboto.uexp" 517
"../../../Engine/Content/Functions/Engine_MaterialFunctions02/Utility/CameraDirectionVector.uasset" 518
"../../../Engine/Content/Functions/Engine_MaterialFunctions02/Utility/CameraDirectionVector.uexp" 519
"../../../Engine/Content/EngineDebugMaterials/VolumeToRender.uasset" 520
"../../../Engine/Content/EngineDebugMaterials/VolumeToRender.uexp" 521
"../../../Engine/Content/EngineDebugMaterials/M_VolumeRenderSphereTracePP.uasset" 522
"../../../Engine/Content/EngineDebugMaterials/M_VolumeRenderSphereTracePP.uexp" 523
"../../../Engine/Content/EngineDebugMaterials/DebugMeshMaterial.uasset" 524
"../../../Engine/Content/EngineDebugMaterials/DebugMeshMaterial.uexp" 525
"../../../Engine/Content/EngineDebugMaterials/DebugEditorMaterial.uasset" 526
"../../../Engine/Content/EngineDebugMaterials/DebugEditorMaterial.uexp" 527
"../../../Engine/Content/EngineDamageTypes/DmgTypeBP_Environmental.uasset" 528
"../../../Engine/Content/EngineDamageTypes/DmgTypeBP_Environmental.uexp" 529
"../../../Engine/Content/EditorResources/S_Terrain.ubulk" 530
"../../../Engine/Content/EditorResources/S_Terrain.uasset" 531
"../../../Engine/Content/EditorResources/S_Terrain.uexp" 532
"../../../Engine/Content/EditorResources/EmptyActor.uasset" 533
"../../../Engine/Content/EditorResources/EmptyActor.uexp" 534
"../../../Engine/Content/EditorResources/BSPVertex.uasset" 535
"../../../Engine/Content/EditorResources/BSPVertex.uexp" 536
"../../../Engine/Content/EditorMaterials/PreviewShadowIndicator.ubulk" 537
"../../../Engine/Content/EditorMaterials/PreviewShadowIndicator.uasset" 538
"../../../Engine/Content/EditorMaterials/PreviewShadowIndicator.uexp" 539
"../../../Engine/Content/EditorMaterials/PreviewShadowIndicatorMaterial.uasset" 540
"../../../Engine/Content/EditorMaterials/PreviewShadowIndicatorMaterial.uexp" 541
"../../../Engine/Content/EditorMaterials/PhAT_UnselectedMaterial.uasset" 542
"../../../Engine/Content/EditorMaterials/PhAT_UnselectedMaterial.uexp" 543
"../../../Engine/Content/EditorMaterials/PhAT_NoCollisionMaterial.uasset" 544
"../../../Engine/Content/EditorMaterials/PhAT_NoCollisionMaterial.uexp" 545
"../../../Engine/Content/EditorLandscapeResources/DefaultAlphaTexture.uasset" 546
"../../../Engine/Content/EditorLandscapeResources/DefaultAlphaTexture.uexp" 547
"../../../Engine/Content/EditorLandscapeResources/DataLayer.uasset" 548
"../../../Engine/Content/EditorLandscapeResources/DataLayer.uexp" 549
"../../../Engine/Content/BasicShapes/Plane.ubulk" 550
"../../../Engine/Content/BasicShapes/Plane.uasset" 551
"../../../Engine/Content/BasicShapes/Plane.uexp" 552
"../../../Engine/Content/EngineMaterials/DefaultMaterial.uasset" 553
"../../../Engine/Content/EngineMaterials/DefaultMaterial.uexp" 554
"../../../Engine/Content/BasicShapes/Cylinder.ubulk" 555
"../../../Engine/Content/BasicShapes/Cylinder.uasset" 556
"../../../Engine/Content/BasicShapes/Cylinder.uexp" 557
"../../../Engine/Content/BasicShapes/Cone.ubulk" 558
"../../../Engine/Content/BasicShapes/Cone.uasset" 559
"../../../Engine/Content/BasicShapes/Cone.uexp" 560
"../../../Engine/Content/Animation/DefaultRecorderBoneCompression.uasset" 561
"../../../Engine/Content/Animation/DefaultRecorderBoneCompression.uexp" 562
"../../../Engine/Plugins/Runtime/MeshModelingToolset/Content/Materials/M_DynamicMeshComponentVtxColor.uasset" 563
"../../../Engine/Plugins/Runtime/MeshModelingToolset/Content/Materials/M_DynamicMeshComponentVtxColor.uexp" 564
"../../../Engine/Plugins/Interchange/Runtime/Content/Pipelines/DefaultTexturePipeline.uasset" 565
"../../../Engine/Plugins/Interchange/Runtime/Content/Pipelines/DefaultTexturePipeline.uexp" 566
"../../../Engine/Plugins/Interchange/Runtime/Content/Pipelines/DefaultSceneLevelPipeline.uasset" 567
"../../../Engine/Plugins/Interchange/Runtime/Content/Pipelines/DefaultSceneLevelPipeline.uexp" 568
"../../../Engine/Plugins/Interchange/Runtime/Content/Pipelines/DefaultSceneAssetsPipeline.uasset" 569
"../../../Engine/Plugins/Interchange/Runtime/Content/Pipelines/DefaultSceneAssetsPipeline.uexp" 570
"../../../Engine/Plugins/Interchange/Runtime/Content/Pipelines/DefaultMaterialXPipeline.uasset" 571
"../../../Engine/Plugins/Interchange/Runtime/Content/Pipelines/DefaultMaterialXPipeline.uexp" 572
"../../../Engine/Plugins/Interchange/Runtime/Content/Pipelines/DefaultMaterialPipeline.uasset" 573
"../../../Engine/Plugins/Interchange/Runtime/Content/Pipelines/DefaultMaterialPipeline.uexp" 574
"../../../Engine/Plugins/Interchange/Runtime/Content/Pipelines/DefaultGLTFSceneAssetsPipeline.uasset" 575
"../../../Engine/Plugins/Interchange/Runtime/Content/Pipelines/DefaultGLTFSceneAssetsPipeline.uexp" 576
"../../../Engine/Plugins/Interchange/Runtime/Content/Pipelines/DefaultGLTFPipeline.uasset" 577
"../../../Engine/Plugins/Interchange/Runtime/Content/Pipelines/DefaultGLTFPipeline.uexp" 578
"../../../Engine/Plugins/Interchange/Runtime/Content/Pipelines/DefaultGLTFAssetsPipeline.uasset" 579
"../../../Engine/Plugins/Interchange/Runtime/Content/Pipelines/DefaultGLTFAssetsPipeline.uexp" 580
"../../../Engine/Plugins/Interchange/Runtime/Content/Pipelines/DefaultAssetsPipeline.uasset" 581
"../../../Engine/Plugins/Interchange/Runtime/Content/Pipelines/DefaultAssetsPipeline.uexp" 582
"../../../Engine/Plugins/Interchange/Runtime/Content/Functions/MX_UsdPreviewSurface.uasset" 583
"../../../Engine/Plugins/Interchange/Runtime/Content/Functions/MX_UsdPreviewSurface.uexp" 584
"../../../Engine/Plugins/Interchange/Runtime/Content/Functions/MX_UniformEDF.uasset" 585
"../../../Engine/Plugins/Interchange/Runtime/Content/Functions/MX_UniformEDF.uexp" 586
"../../../Engine/Plugins/Interchange/Runtime/Content/Functions/MX_TranslucentBSDF.uasset" 587
"../../../Engine/Plugins/Interchange/Runtime/Content/Functions/MX_TranslucentBSDF.uexp" 588
"../../../Engine/Plugins/Interchange/Runtime/Content/Functions/MX_ThinFilmBSDF.uasset" 589
"../../../Engine/Plugins/Interchange/Runtime/Content/Functions/MX_ThinFilmBSDF.uexp" 590
"../../../Engine/Plugins/Interchange/Runtime/Content/Functions/MX_SurfaceUnlit.uasset" 591
"../../../Engine/Plugins/Interchange/Runtime/Content/Functions/MX_SurfaceUnlit.uexp" 592
"../../../Engine/Plugins/Interchange/Runtime/Content/Functions/MX_Surface.uasset" 593
"../../../Engine/Plugins/Interchange/Runtime/Content/Functions/MX_Surface.uexp" 594
"../../../Engine/Plugins/Interchange/Runtime/Content/Functions/MX_SubsurfaceBSDF.uasset" 595
"../../../Engine/Plugins/Interchange/Runtime/Content/Functions/MX_SubsurfaceBSDF.uexp" 596
"../../../Engine/Plugins/Interchange/Runtime/Content/Functions/MX_SheenBSDF.uasset" 597
"../../../Engine/Plugins/Interchange/Runtime/Content/Functions/MX_SheenBSDF.uexp" 598
"../../../Engine/Plugins/Interchange/Runtime/Content/Functions/MX_OrenNayarBSDF.uasset" 599
"../../../Engine/Plugins/Interchange/Runtime/Content/Functions/MX_OrenNayarBSDF.uexp" 600
"../../../Engine/Content/Functions/Engine_MaterialFunctions01/Volumetrics/BeersLaw.uasset" 601
"../../../Engine/Content/Functions/Engine_MaterialFunctions01/Volumetrics/BeersLaw.uexp" 602
"../../../Engine/Content/EngineMaterials/Good64x64TilingNoiseHighFreq.uasset" 603
"../../../Engine/Content/EngineMaterials/Good64x64TilingNoiseHighFreq.uexp" 604
"../../../Engine/Content/Functions/Engine_MaterialFunctions02/Texturing/ScreenAlignedPixelToPixelUVs.uasset" 605
"../../../Engine/Content/Functions/Engine_MaterialFunctions02/Texturing/ScreenAlignedPixelToPixelUVs.uexp" 606
"../../../Engine/Plugins/Interchange/Runtime/Content/gltf/MaterialFunctions/MF_Temporal_Blur.uasset" 607
"../../../Engine/Plugins/Interchange/Runtime/Content/gltf/MaterialFunctions/MF_Temporal_Blur.uexp" 608
"../../../Engine/Plugins/Interchange/Runtime/Content/gltf/MaterialFunctions/MF_Fresnel_DS.uasset" 609
"../../../Engine/Plugins/Interchange/Runtime/Content/gltf/MaterialFunctions/MF_Fresnel_DS.uexp" 610
"../../../Engine/Plugins/Interchange/Runtime/Content/Functions/MX_Transmission.uasset" 611
"../../../Engine/Plugins/Interchange/Runtime/Content/Functions/MX_Transmission.uexp" 612
"../../../Engine/Plugins/Interchange/Runtime/Content/Functions/MF_OrenNayerView.uasset" 613
"../../../Engine/Plugins/Interchange/Runtime/Content/Functions/MF_OrenNayerView.uexp" 614
"../../../Engine/Plugins/Interchange/Runtime/Content/Functions/MF_SchlickApprox.uasset" 615
"../../../Engine/Plugins/Interchange/Runtime/Content/Functions/MF_SchlickApprox.uexp" 616
"../../../Engine/Plugins/Interchange/Runtime/Content/Utilities/New_LUT.uasset" 617
"../../../Engine/Plugins/Interchange/Runtime/Content/Utilities/New_LUT.uexp" 618
"../../../Engine/Content/Functions/Engine_MaterialFunctions03/Math/RemapValueRange.uasset" 619
"../../../Engine/Content/Functions/Engine_MaterialFunctions03/Math/RemapValueRange.uexp" 620
"../../../Engine/Plugins/Interchange/Runtime/Content/Functions/MF_Iridescence.uasset" 621
"../../../Engine/Plugins/Interchange/Runtime/Content/Functions/MF_Iridescence.uexp" 622
"../../../Engine/Plugins/Interchange/Runtime/Content/Functions/MX_StandardSurface.uasset" 623
"../../../Engine/Plugins/Interchange/Runtime/Content/Functions/MX_StandardSurface.uexp" 624
"../../../Engine/Plugins/Interchange/Runtime/Content/Functions/MX_TransmissionSurface.uasset" 625
"../../../Engine/Plugins/Interchange/Runtime/Content/Functions/MX_TransmissionSurface.uexp" 626
"../../../Engine/Plugins/Interchange/Runtime/Content/Functions/MX_OpenPBR_Translucent.uasset" 627
"../../../Engine/Plugins/Interchange/Runtime/Content/Functions/MX_OpenPBR_Translucent.uexp" 628
"../../../Engine/Plugins/Interchange/Runtime/Content/Functions/MX_OpenPBR_Opaque.uasset" 629
"../../../Engine/Plugins/Interchange/Runtime/Content/Functions/MX_OpenPBR_Opaque.uexp" 630
"../../../Engine/Plugins/Interchange/Runtime/Content/Functions/MX_MeasuredEDF.uasset" 631
"../../../Engine/Plugins/Interchange/Runtime/Content/Functions/MX_MeasuredEDF.uexp" 632
"../../../Engine/Plugins/Interchange/Runtime/Content/Functions/MX_GeneralizedSchlickBSDF.uasset" 633
"../../../Engine/Plugins/Interchange/Runtime/Content/Functions/MX_GeneralizedSchlickBSDF.uexp" 634
"../../../Engine/Plugins/Interchange/Runtime/Content/Functions/MX_DielectricBSDF.uasset" 635
"../../../Engine/Plugins/Interchange/Runtime/Content/Functions/MX_DielectricBSDF.uexp" 636
"../../../Engine/Plugins/Interchange/Runtime/Content/Functions/MX_ConicalEDF.uasset" 637
"../../../Engine/Plugins/Interchange/Runtime/Content/Functions/MX_ConicalEDF.uexp" 638
"../../../Engine/Plugins/Interchange/Runtime/Content/Functions/MX_ConductorBSDF.uasset" 639
"../../../Engine/Plugins/Interchange/Runtime/Content/Functions/MX_ConductorBSDF.uexp" 640
"../../../Engine/Plugins/Interchange/Runtime/Content/Functions/MX_BurleyDiffuseBSDF.uasset" 641
"../../../Engine/Plugins/Interchange/Runtime/Content/Functions/MX_BurleyDiffuseBSDF.uexp" 642
"../../../Engine/Plugins/Interchange/Runtime/Content/Functions/MX_AnisotropicVDF.uasset" 643
"../../../Engine/Plugins/Interchange/Runtime/Content/Functions/MX_AnisotropicVDF.uexp" 644
"../../../Engine/Plugins/Interchange/Runtime/Content/Functions/MX_AbsorptionVDF.uasset" 645
"../../../Engine/Plugins/Interchange/Runtime/Content/Functions/MX_AbsorptionVDF.uexp" 646
"../../../Engine/Content/MobileResources/HUD/VirtualJoystick_Background.uasset" 647
"../../../Engine/Content/MobileResources/HUD/VirtualJoystick_Background.uexp" 648
"../../../Engine/Content/MobileResources/HUD/VirtualJoystick_Thumb.uasset" 649
"../../../Engine/Content/MobileResources/HUD/VirtualJoystick_Thumb.uexp" 650
"../../../Engine/Content/MobileResources/HUD/DefaultVirtualJoysticks.uasset" 651
"../../../Engine/Content/MobileResources/HUD/DefaultVirtualJoysticks.uexp" 652
"../../../Engine/Content/EngineSky/VolumetricClouds/CloudWeatherTexture.uasset" 653
"../../../Engine/Content/EngineSky/VolumetricClouds/CloudWeatherTexture.uexp" 654
"../../../Engine/Content/Functions/Engine_MaterialFunctions02/Utility/MakeFloat2.uasset" 655
"../../../Engine/Content/Functions/Engine_MaterialFunctions02/Utility/MakeFloat2.uexp" 656
"../../../Engine/Content/EngineSky/VolumetricClouds/CloudGradientTexture.uasset" 657
"../../../Engine/Content/EngineSky/VolumetricClouds/CloudGradientTexture.uexp" 658
"../../../Engine/Content/EngineSky/VolumetricClouds/T_NoiseShape64.ubulk" 659
"../../../Engine/Content/EngineSky/VolumetricClouds/T_NoiseShape64.uasset" 660
"../../../Engine/Content/EngineSky/VolumetricClouds/T_NoiseShape64.uexp" 661
"../../../Engine/Content/EngineSky/VolumetricClouds/T_VolumeNoiseShape64.uasset" 662
"../../../Engine/Content/EngineSky/VolumetricClouds/T_VolumeNoiseShape64.uexp" 663
"../../../Engine/Content/EngineSky/VolumetricClouds/T_NoiseErosion.ubulk" 664
"../../../Engine/Content/EngineSky/VolumetricClouds/T_NoiseErosion.uasset" 665
"../../../Engine/Content/EngineSky/VolumetricClouds/T_NoiseErosion.uexp" 666
"../../../Engine/Content/EngineSky/VolumetricClouds/T_VolumeNoiseErosion32.uasset" 667
"../../../Engine/Content/EngineSky/VolumetricClouds/T_VolumeNoiseErosion32.uexp" 668
"../../../Engine/Content/EngineSky/VolumetricClouds/m_SimpleVolumetricCloud.uasset" 669
"../../../Engine/Content/EngineSky/VolumetricClouds/m_SimpleVolumetricCloud.uexp" 670
"../../../Engine/Content/EngineSky/VolumetricClouds/m_SimpleVolumetricCloud_Inst.uasset" 671
"../../../Engine/Content/EngineSky/VolumetricClouds/m_SimpleVolumetricCloud_Inst.uexp" 672
"../../../Engine/Content/EngineResources/FilmGrains/Marcie_Grain_v3_128_M2_000.uasset" 673
"../../../Engine/Content/EngineResources/FilmGrains/Marcie_Grain_v3_128_M2_000.uexp" 674
"../../../Engine/Content/EditorResources/SequenceRecorder/RecordingIndicator.uasset" 675
"../../../Engine/Content/EditorResources/SequenceRecorder/RecordingIndicator.uexp" 676
"../../../Engine/Content/EditorResources/SequenceRecorder/Countdown.uasset" 677
"../../../Engine/Content/EditorResources/SequenceRecorder/Countdown.uexp" 678
"../../../Engine/Content/EditorMaterials/Dataflow/DataflowVertexMaterial.uasset" 679
"../../../Engine/Content/EditorMaterials/Dataflow/DataflowVertexMaterial.uexp" 680
"../../../Engine/Plugins/Interchange/Runtime/Content/gltf/MaterialFunctions/MF_RotateV2.uasset" 681
"../../../Engine/Plugins/Interchange/Runtime/Content/gltf/MaterialFunctions/MF_RotateV2.uexp" 682
"../../../Engine/Plugins/Interchange/Runtime/Content/gltf/MaterialFunctions/MF_TransformUVs.uasset" 683
"../../../Engine/Plugins/Interchange/Runtime/Content/gltf/MaterialFunctions/MF_TransformUVs.uexp" 684
"../../../Engine/Plugins/Interchange/Runtime/Content/gltf/Textures/T_White_srgb.uasset" 685
"../../../Engine/Plugins/Interchange/Runtime/Content/gltf/Textures/T_White_srgb.uexp" 686
"../../../Engine/Plugins/Interchange/Runtime/Content/gltf/MaterialFunctions/MF_BaseColor.uasset" 687
"../../../Engine/Plugins/Interchange/Runtime/Content/gltf/MaterialFunctions/MF_BaseColor.uexp" 688
"../../../Engine/Plugins/Interchange/Runtime/Content/gltf/MaterialBodies/MF_Unlit_Body.uasset" 689
"../../../Engine/Plugins/Interchange/Runtime/Content/gltf/MaterialBodies/MF_Unlit_Body.uexp" 690
"../../../Engine/Plugins/Interchange/Runtime/Content/gltf/M_Unlit.uasset" 691
"../../../Engine/Plugins/Interchange/Runtime/Content/gltf/M_Unlit.uexp" 692
"../../../Engine/Plugins/Interchange/Runtime/Content/gltf/MaterialInstances/MI_Unlit_Opaque_DS.uasset" 693
"../../../Engine/Plugins/Interchange/Runtime/Content/gltf/MaterialInstances/MI_Unlit_Opaque_DS.uexp" 694
"../../../Engine/Plugins/Interchange/Runtime/Content/gltf/MaterialInstances/MI_Unlit_Opaque.uasset" 695
"../../../Engine/Plugins/Interchange/Runtime/Content/gltf/MaterialInstances/MI_Unlit_Opaque.uexp" 696
"../../../Engine/Plugins/Interchange/Runtime/Content/gltf/MaterialInstances/MI_Unlit_Mask_DS.uasset" 697
"../../../Engine/Plugins/Interchange/Runtime/Content/gltf/MaterialInstances/MI_Unlit_Mask_DS.uexp" 698
"../../../Engine/Plugins/Interchange/Runtime/Content/gltf/MaterialInstances/MI_Unlit_Mask.uasset" 699
"../../../Engine/Plugins/Interchange/Runtime/Content/gltf/MaterialInstances/MI_Unlit_Mask.uexp" 700
"../../../Engine/Plugins/Interchange/Runtime/Content/gltf/MaterialInstances/MI_Unlit_Blend_DS.uasset" 701
"../../../Engine/Plugins/Interchange/Runtime/Content/gltf/MaterialInstances/MI_Unlit_Blend_DS.uexp" 702
"../../../Engine/Plugins/Interchange/Runtime/Content/gltf/MaterialInstances/MI_Unlit_Blend.uasset" 703
"../../../Engine/Plugins/Interchange/Runtime/Content/gltf/MaterialInstances/MI_Unlit_Blend.uexp" 704
"../../../Engine/Plugins/Interchange/Runtime/Content/gltf/MaterialFunctions/MF_Iridescence.uasset" 705
"../../../Engine/Plugins/Interchange/Runtime/Content/gltf/MaterialFunctions/MF_Iridescence.uexp" 706
"../../../Engine/Plugins/Interchange/Runtime/Content/gltf/Textures/T_White_Linear.uasset" 707
"../../../Engine/Plugins/Interchange/Runtime/Content/gltf/Textures/T_White_Linear.uexp" 708
"../../../Engine/Plugins/Interchange/Runtime/Content/gltf/MaterialFunctions/MF_MetallicRoughness.uasset" 709
"../../../Engine/Plugins/Interchange/Runtime/Content/gltf/MaterialFunctions/MF_MetallicRoughness.uexp" 710
"../../../Engine/Plugins/Interchange/Runtime/Content/gltf/MaterialFunctions/MF_Transmission.uasset" 711
"../../../Engine/Plugins/Interchange/Runtime/Content/gltf/MaterialFunctions/MF_Transmission.uexp" 712
"../../../Engine/Plugins/Interchange/Runtime/Content/gltf/MaterialFunctions/MF_Occlusion.uasset" 713
"../../../Engine/Plugins/Interchange/Runtime/Content/gltf/MaterialFunctions/MF_Occlusion.uexp" 714
"../../../Engine/Plugins/Interchange/Runtime/Content/gltf/MaterialFunctions/MF_Specular.uasset" 715
"../../../Engine/Plugins/Interchange/Runtime/Content/gltf/MaterialFunctions/MF_Specular.uexp" 716
"../../../Engine/Plugins/Interchange/Runtime/Content/gltf/MaterialFunctions/MF_IOR.uasset" 717
"../../../Engine/Plugins/Interchange/Runtime/Content/gltf/MaterialFunctions/MF_IOR.uexp" 718
"../../../Engine/Plugins/Interchange/Runtime/Content/gltf/MaterialFunctions/MF_RotateNormals_TS.uasset" 719
"../../../Engine/Plugins/Interchange/Runtime/Content/gltf/MaterialFunctions/MF_RotateNormals_TS.uexp" 720
"../../../Engine/Plugins/Interchange/Runtime/Content/gltf/Textures/T_Generic_N.uasset" 721
"../../../Engine/Plugins/Interchange/Runtime/Content/gltf/Textures/T_Generic_N.uexp" 722
"../../../Engine/Plugins/Interchange/Runtime/Content/gltf/MaterialFunctions/MF_Normals.uasset" 723
"../../../Engine/Plugins/Interchange/Runtime/Content/gltf/MaterialFunctions/MF_Normals.uexp" 724
"../../../Engine/Plugins/Interchange/Runtime/Content/gltf/MaterialBodies/MF_Transmission_Body.uasset" 725
"../../../Engine/Plugins/Interchange/Runtime/Content/gltf/MaterialBodies/MF_Transmission_Body.uexp" 726
"../../../Engine/Plugins/Interchange/Runtime/Content/gltf/M_Transmission.uasset" 727
"../../../Engine/Plugins/Interchange/Runtime/Content/gltf/M_Transmission.uexp" 728
"../../../Engine/Plugins/Interchange/Runtime/Content/gltf/MaterialInstances/MI_Transmission_DS.uasset" 729
"../../../Engine/Plugins/Interchange/Runtime/Content/gltf/MaterialInstances/MI_Transmission_DS.uexp" 730
"../../../Engine/Plugins/Interchange/Runtime/Content/gltf/MaterialInstances/MI_Transmission.uasset" 731
"../../../Engine/Plugins/Interchange/Runtime/Content/gltf/MaterialInstances/MI_Transmission.uexp" 732
"../../../Engine/Plugins/Interchange/Runtime/Content/gltf/MaterialFunctions/MF_DiffuseSpecGloss.uasset" 733
"../../../Engine/Plugins/Interchange/Runtime/Content/gltf/MaterialFunctions/MF_DiffuseSpecGloss.uexp" 734
"../../../Engine/Content/Functions/Engine_MaterialFunctions02/Math/AddComponents.uasset" 735
"../../../Engine/Content/Functions/Engine_MaterialFunctions02/Math/AddComponents.uexp" 736
"../../../Engine/Plugins/Interchange/Runtime/Content/gltf/MaterialFunctions/MF_PerceivedBrightness.uasset" 737
"../../../Engine/Plugins/Interchange/Runtime/Content/gltf/MaterialFunctions/MF_PerceivedBrightness.uexp" 738
"../../../Engine/Plugins/Interchange/Runtime/Content/gltf/MaterialFunctions/MF_Emissive.uasset" 739
"../../../Engine/Plugins/Interchange/Runtime/Content/gltf/MaterialFunctions/MF_Emissive.uexp" 740
"../../../Engine/Plugins/Interchange/Runtime/Content/gltf/MaterialFunctions/MF_SpecGlossToMetalRoughness.uasset" 741
"../../../Engine/Plugins/Interchange/Runtime/Content/gltf/MaterialFunctions/MF_SpecGlossToMetalRoughness.uexp" 742
"../../../Engine/Plugins/Interchange/Runtime/Content/gltf/MaterialBodies/MF_SpecularGlossiness_Body.uasset" 743
"../../../Engine/Plugins/Interchange/Runtime/Content/gltf/MaterialBodies/MF_SpecularGlossiness_Body.uexp" 744
"../../../Engine/Plugins/Interchange/Runtime/Content/gltf/M_SpecularGlossiness.uasset" 745
"../../../Engine/Plugins/Interchange/Runtime/Content/gltf/M_SpecularGlossiness.uexp" 746
"../../../Engine/Plugins/Interchange/Runtime/Content/gltf/MaterialInstances/MI_SpecularGlossiness_Opaque_DS.uasset" 747
"../../../Engine/Plugins/Interchange/Runtime/Content/gltf/MaterialInstances/MI_SpecularGlossiness_Opaque_DS.uexp" 748
"../../../Engine/Plugins/Interchange/Runtime/Content/gltf/MaterialInstances/MI_SpecularGlossiness_Opaque.uasset" 749
"../../../Engine/Plugins/Interchange/Runtime/Content/gltf/MaterialInstances/MI_SpecularGlossiness_Opaque.uexp" 750
"../../../Engine/Plugins/Interchange/Runtime/Content/gltf/MaterialInstances/MI_SpecularGlossiness_Mask_DS.uasset" 751
"../../../Engine/Plugins/Interchange/Runtime/Content/gltf/MaterialInstances/MI_SpecularGlossiness_Mask_DS.uexp" 752
"../../../Engine/Plugins/Interchange/Runtime/Content/gltf/MaterialInstances/MI_SpecularGlossiness_Mask.uasset" 753
"../../../Engine/Plugins/Interchange/Runtime/Content/gltf/MaterialInstances/MI_SpecularGlossiness_Mask.uexp" 754
"../../../Engine/Plugins/Interchange/Runtime/Content/gltf/MaterialInstances/MI_SpecularGlossiness_Blend_DS.uasset" 755
"../../../Engine/Plugins/Interchange/Runtime/Content/gltf/MaterialInstances/MI_SpecularGlossiness_Blend_DS.uexp" 756
"../../../Engine/Plugins/Interchange/Runtime/Content/gltf/MaterialInstances/MI_SpecularGlossiness_Blend.uasset" 757
"../../../Engine/Plugins/Interchange/Runtime/Content/gltf/MaterialInstances/MI_SpecularGlossiness_Blend.uexp" 758
"../../../Engine/Plugins/Interchange/Runtime/Content/gltf/MaterialFunctions/MF_Sheen.uasset" 759
"../../../Engine/Plugins/Interchange/Runtime/Content/gltf/MaterialFunctions/MF_Sheen.uexp" 760
"../../../Engine/Plugins/Interchange/Runtime/Content/gltf/MaterialBodies/MF_Sheen_Body.uasset" 761
"../../../Engine/Plugins/Interchange/Runtime/Content/gltf/MaterialBodies/MF_Sheen_Body.uexp" 762
"../../../Engine/Plugins/Interchange/Runtime/Content/gltf/M_Sheen.uasset" 763
"../../../Engine/Plugins/Interchange/Runtime/Content/gltf/M_Sheen.uexp" 764
"../../../Engine/Plugins/Interchange/Runtime/Content/gltf/MaterialInstances/MI_Sheen_Opaque_DS.uasset" 765
"../../../Engine/Plugins/Interchange/Runtime/Content/gltf/MaterialInstances/MI_Sheen_Opaque_DS.uexp" 766
"../../../Engine/Plugins/Interchange/Runtime/Content/gltf/MaterialInstances/MI_Sheen_Opaque.uasset" 767
"../../../Engine/Plugins/Interchange/Runtime/Content/gltf/MaterialInstances/MI_Sheen_Opaque.uexp" 768
"../../../Engine/Plugins/Interchange/Runtime/Content/gltf/MaterialInstances/MI_Sheen_Mask_DS.uasset" 769
"../../../Engine/Plugins/Interchange/Runtime/Content/gltf/MaterialInstances/MI_Sheen_Mask_DS.uexp" 770
"../../../Engine/Plugins/Interchange/Runtime/Content/gltf/MaterialInstances/MI_Sheen_Mask.uasset" 771
"../../../Engine/Plugins/Interchange/Runtime/Content/gltf/MaterialInstances/MI_Sheen_Mask.uexp" 772
"../../../Engine/Plugins/Interchange/Runtime/Content/gltf/MaterialInstances/MI_Sheen_Blend_DS.uasset" 773
"../../../Engine/Plugins/Interchange/Runtime/Content/gltf/MaterialInstances/MI_Sheen_Blend_DS.uexp" 774
"../../../Engine/Plugins/Interchange/Runtime/Content/gltf/MaterialInstances/MI_Sheen_Blend.uasset" 775
"../../../Engine/Plugins/Interchange/Runtime/Content/gltf/MaterialInstances/MI_Sheen_Blend.uexp" 776
"../../../Engine/Plugins/Interchange/Runtime/Content/gltf/MaterialBodies/MF_Default_Body.uasset" 777
"../../../Engine/Plugins/Interchange/Runtime/Content/gltf/MaterialBodies/MF_Default_Body.uexp" 778
"../../../Engine/Plugins/Interchange/Runtime/Content/gltf/M_Default.uasset" 779
"../../../Engine/Plugins/Interchange/Runtime/Content/gltf/M_Default.uexp" 780
"../../../Engine/Plugins/Interchange/Runtime/Content/gltf/MaterialInstances/MI_Default_Opaque_DS.uasset" 781
"../../../Engine/Plugins/Interchange/Runtime/Content/gltf/MaterialInstances/MI_Default_Opaque_DS.uexp" 782
"../../../Engine/Plugins/Interchange/Runtime/Content/gltf/MaterialInstances/MI_Default_Opaque.uasset" 783
"../../../Engine/Plugins/Interchange/Runtime/Content/gltf/MaterialInstances/MI_Default_Opaque.uexp" 784
"../../../Engine/Plugins/Interchange/Runtime/Content/gltf/MaterialInstances/MI_Default_Mask_DS.uasset" 785
"../../../Engine/Plugins/Interchange/Runtime/Content/gltf/MaterialInstances/MI_Default_Mask_DS.uexp" 786
"../../../Engine/Plugins/Interchange/Runtime/Content/gltf/MaterialInstances/MI_Default_Mask.uasset" 787
"../../../Engine/Plugins/Interchange/Runtime/Content/gltf/MaterialInstances/MI_Default_Mask.uexp" 788
"../../../Engine/Plugins/Interchange/Runtime/Content/gltf/MaterialInstances/MI_Default_Blend_DS.uasset" 789
"../../../Engine/Plugins/Interchange/Runtime/Content/gltf/MaterialInstances/MI_Default_Blend_DS.uexp" 790
"../../../Engine/Plugins/Interchange/Runtime/Content/gltf/MaterialInstances/MI_Default_Blend.uasset" 791
"../../../Engine/Plugins/Interchange/Runtime/Content/gltf/MaterialInstances/MI_Default_Blend.uexp" 792
"../../../Engine/Content/Functions/Engine_MaterialFunctions01/Texturing/FlattenNormal.uasset" 793
"../../../Engine/Content/Functions/Engine_MaterialFunctions01/Texturing/FlattenNormal.uexp" 794
"../../../Engine/Plugins/Interchange/Runtime/Content/gltf/MaterialFunctions/MF_Clearcoat.uasset" 795
"../../../Engine/Plugins/Interchange/Runtime/Content/gltf/MaterialFunctions/MF_Clearcoat.uexp" 796
"../../../Engine/Plugins/Interchange/Runtime/Content/gltf/MaterialBodies/MF_ClearCoat_Body.uasset" 797
"../../../Engine/Plugins/Interchange/Runtime/Content/gltf/MaterialBodies/MF_ClearCoat_Body.uexp" 798
"../../../Engine/Plugins/Interchange/Runtime/Content/gltf/M_ClearCoat.uasset" 799
"../../../Engine/Plugins/Interchange/Runtime/Content/gltf/M_ClearCoat.uexp" 800
"../../../Engine/Plugins/Interchange/Runtime/Content/gltf/MaterialInstances/MI_ClearCoat_Opaque_DS.uasset" 801
"../../../Engine/Plugins/Interchange/Runtime/Content/gltf/MaterialInstances/MI_ClearCoat_Opaque_DS.uexp" 802
"../../../Engine/Plugins/Interchange/Runtime/Content/gltf/MaterialInstances/MI_ClearCoat_Opaque.uasset" 803
"../../../Engine/Plugins/Interchange/Runtime/Content/gltf/MaterialInstances/MI_ClearCoat_Opaque.uexp" 804
"../../../Engine/Plugins/Interchange/Runtime/Content/gltf/MaterialInstances/MI_ClearCoat_Mask_DS.uasset" 805
"../../../Engine/Plugins/Interchange/Runtime/Content/gltf/MaterialInstances/MI_ClearCoat_Mask_DS.uexp" 806
"../../../Engine/Plugins/Interchange/Runtime/Content/gltf/MaterialInstances/MI_ClearCoat_Mask.uasset" 807
"../../../Engine/Plugins/Interchange/Runtime/Content/gltf/MaterialInstances/MI_ClearCoat_Mask.uexp" 808
"../../../Engine/Plugins/Interchange/Runtime/Content/gltf/MaterialInstances/MI_ClearCoat_Blend_DS.uasset" 809
"../../../Engine/Plugins/Interchange/Runtime/Content/gltf/MaterialInstances/MI_ClearCoat_Blend_DS.uexp" 810
"../../../Engine/Plugins/Interchange/Runtime/Content/gltf/MaterialInstances/MI_ClearCoat_Blend.uasset" 811
"../../../Engine/Plugins/Interchange/Runtime/Content/gltf/MaterialInstances/MI_ClearCoat_Blend.uexp" 812
"../../../Engine/Content/Functions/Engine_MaterialFunctions01/Shading/PowerToRoughness.uasset" 813
"../../../Engine/Content/Functions/Engine_MaterialFunctions01/Shading/PowerToRoughness.uexp" 814
"../../../Engine/Content/EngineMaterials/Substrate/Volume/SubstrateSimpleVolumeLUT3D.uasset" 815
"../../../Engine/Content/EngineMaterials/Substrate/Volume/SubstrateSimpleVolumeLUT3D.uexp" 816
"../../../Engine/Content/EngineMaterials/Substrate/Volume/SubstrateSimpleVolumeEnvLUT3D.uasset" 817
"../../../Engine/Content/EngineMaterials/Substrate/Volume/SubstrateSimpleVolumeEnvLUT3D.uexp" 818
"../../../Engine/Content/EngineMaterials/Substrate/GLints2/AGlintTex2dArray2.uasset" 819
"../../../Engine/Content/EngineMaterials/Substrate/GLints2/AGlintTex2dArray2.uexp" 820
"../../../Engine/Content/EngineMaterials/Substrate/GLints/AGlintTex2dArray.uasset" 821
"../../../Engine/Content/EngineMaterials/Substrate/GLints/AGlintTex2dArray.uexp" 822
"../../../Engine/Content/Maps/Entry_BuiltData.uasset" 823
"../../../Engine/Content/Maps/Entry_BuiltData.uexp" 824
"../../../Engine/Content/Maps/Entry.uexp" 825
"../../../Engine/Content/Maps/Entry.umap" 826
"../../../Engine/Content/BasicShapes/Cube.ubulk" 827
"../../../Engine/Content/BasicShapes/Cube.uasset" 828
"../../../Engine/Content/BasicShapes/Cube.uexp" 829
"../../../Engine/Content/EngineMaterials/BlendFunc_DefBlend.uasset" 830
"../../../Engine/Content/EngineMaterials/BlendFunc_DefBlend.uexp" 831
"../../../Engine/Content/OpenWorldTemplate/LandscapeMaterial/T_GridChecker_A.ubulk" 832
"../../../Engine/Content/OpenWorldTemplate/LandscapeMaterial/T_GridChecker_A.uasset" 833
"../../../Engine/Content/OpenWorldTemplate/LandscapeMaterial/T_GridChecker_A.uexp" 834
"../../../Engine/Content/EngineMaterials/BlendFunc_DefBase.uasset" 835
"../../../Engine/Content/EngineMaterials/BlendFunc_DefBase.uexp" 836
"../../../Engine/Content/Functions/Engine_MaterialFunctions03/Blends/Blend_Overlay.uasset" 837
"../../../Engine/Content/Functions/Engine_MaterialFunctions03/Blends/Blend_Overlay.uexp" 838
"../../../Engine/Content/Functions/Engine_MaterialFunctions01/Gradient/LinearGradient.uasset" 839
"../../../Engine/Content/Functions/Engine_MaterialFunctions01/Gradient/LinearGradient.uexp" 840
"../../../Engine/Content/Functions/Engine_MaterialFunctions01/ImageAdjustment/CheapContrast.uasset" 841
"../../../Engine/Content/Functions/Engine_MaterialFunctions01/ImageAdjustment/CheapContrast.uexp" 842
"../../../Engine/Content/OpenWorldTemplate/LandscapeMaterial/MF_ProcGrid.uasset" 843
"../../../Engine/Content/OpenWorldTemplate/LandscapeMaterial/MF_ProcGrid.uexp" 844
"../../../Engine/Content/OpenWorldTemplate/LandscapeMaterial/M_ProcGrid.uasset" 845
"../../../Engine/Content/OpenWorldTemplate/LandscapeMaterial/M_ProcGrid.uexp" 846
"../../../Engine/Content/OpenWorldTemplate/LandscapeMaterial/MI_ProcGrid.uasset" 847
"../../../Engine/Content/OpenWorldTemplate/LandscapeMaterial/MI_ProcGrid.uexp" 848
"../../../Engine/Plugins/Animation/ACLPlugin/Content/ACLAnimBoneCompressionSettings.uasset" 849
"../../../Engine/Plugins/Animation/ACLPlugin/Content/ACLAnimBoneCompressionSettings.uexp" 850
"../../../Engine/Content/Animation/DefaultVariableFrameStrippingSettings.uasset" 851
"../../../Engine/Content/Animation/DefaultVariableFrameStrippingSettings.uexp" 852
"D:/A_LoicG/GitHub/UE_KartingProject/UE_KartTrioProject/Content/Graph/Meshes/Skeletal/Granny/Sporty_Granny_Skeleton.uasset" 853
"D:/A_LoicG/GitHub/UE_KartingProject/UE_KartTrioProject/Content/Graph/Meshes/Skeletal/Granny/Sporty_Granny_Skeleton.uexp" 854
"../../../Engine/Plugins/Animation/ACLPlugin/Content/ACLAnimCurveCompressionSettings.uasset" 855
"../../../Engine/Plugins/Animation/ACLPlugin/Content/ACLAnimCurveCompressionSettings.uexp" 856
"D:/A_LoicG/GitHub/UE_KartingProject/UE_KartTrioProject/Content/Graph/Anims/SeniorPlayer/Running.uasset" 857
"D:/A_LoicG/GitHub/UE_KartingProject/UE_KartTrioProject/Content/Graph/Anims/SeniorPlayer/Running.uexp" 858
"D:/A_LoicG/GitHub/UE_KartingProject/UE_KartTrioProject/Content/Graph/Anims/SeniorPlayer/Idle.uasset" 859
"D:/A_LoicG/GitHub/UE_KartingProject/UE_KartTrioProject/Content/Graph/Anims/SeniorPlayer/Idle.uexp" 860
"D:/A_LoicG/GitHub/UE_KartingProject/UE_KartTrioProject/Content/Graph/Anims/SeniorPlayer/Dwarf_Walk.uasset" 861
"D:/A_LoicG/GitHub/UE_KartingProject/UE_KartTrioProject/Content/Graph/Anims/SeniorPlayer/Dwarf_Walk.uexp" 862
"D:/A_LoicG/GitHub/UE_KartingProject/UE_KartTrioProject/Content/Graph/Anims/SeniorPlayer/Walking_Backwards.uasset" 863
"D:/A_LoicG/GitHub/UE_KartingProject/UE_KartTrioProject/Content/Graph/Anims/SeniorPlayer/Walking_Backwards.uexp" 864
"D:/A_LoicG/GitHub/UE_KartingProject/UE_KartTrioProject/Content/Blueprints/PlayerRelated/Animations/BP_SeniorMovementBlendspace.uasset" 865
"D:/A_LoicG/GitHub/UE_KartingProject/UE_KartTrioProject/Content/Blueprints/PlayerRelated/Animations/BP_SeniorMovementBlendspace.uexp" 866
"D:/A_LoicG/GitHub/UE_KartingProject/UE_KartTrioProject/Content/Blueprints/PlayerRelated/Animations/BP_SeniorAnim.uasset" 867
"D:/A_LoicG/GitHub/UE_KartingProject/UE_KartTrioProject/Content/Blueprints/PlayerRelated/Animations/BP_SeniorAnim.uexp" 868
"../../../Engine/Content/TemplateResources/M_Template_Master.uasset" 869
"../../../Engine/Content/TemplateResources/M_Template_Master.uexp" 870
"../../../Engine/Content/TemplateResources/MI_Template_BaseOrange_Metal.uasset" 871
"../../../Engine/Content/TemplateResources/MI_Template_BaseOrange_Metal.uexp" 872
"D:/A_LoicG/GitHub/UE_KartingProject/UE_KartTrioProject/Content/Blueprints/GPE/BP_Throwable.uasset" 873
"D:/A_LoicG/GitHub/UE_KartingProject/UE_KartTrioProject/Content/Blueprints/GPE/BP_Throwable.uexp" 874
"D:/A_LoicG/GitHub/UE_KartingProject/UE_KartTrioProject/Content/Graph/Meshes/Skeletal/Granny/Sporty_Granny_PhysicsAsset.uasset" 875
"D:/A_LoicG/GitHub/UE_KartingProject/UE_KartTrioProject/Content/Graph/Meshes/Skeletal/Granny/Sporty_Granny_PhysicsAsset.uexp" 876
"D:/A_LoicG/GitHub/UE_KartingProject/UE_KartTrioProject/Content/Graph/Meshes/Skeletal/Granny/Lens_MAT.uasset" 877
"D:/A_LoicG/GitHub/UE_KartingProject/UE_KartTrioProject/Content/Graph/Meshes/Skeletal/Granny/Lens_MAT.uexp" 878
"D:/A_LoicG/GitHub/UE_KartingProject/UE_KartTrioProject/Content/Graph/Meshes/Skeletal/Granny/FitnessGrandma_spec.ubulk" 879
"D:/A_LoicG/GitHub/UE_KartingProject/UE_KartTrioProject/Content/Graph/Meshes/Skeletal/Granny/FitnessGrandma_spec.uasset" 880
"D:/A_LoicG/GitHub/UE_KartingProject/UE_KartTrioProject/Content/Graph/Meshes/Skeletal/Granny/FitnessGrandma_spec.uexp" 881
"D:/A_LoicG/GitHub/UE_KartingProject/UE_KartTrioProject/Content/Graph/Meshes/Skeletal/Granny/FitnessGrandma_normal.ubulk" 882
"D:/A_LoicG/GitHub/UE_KartingProject/UE_KartTrioProject/Content/Graph/Meshes/Skeletal/Granny/FitnessGrandma_normal.uasset" 883
"D:/A_LoicG/GitHub/UE_KartingProject/UE_KartTrioProject/Content/Graph/Meshes/Skeletal/Granny/FitnessGrandma_normal.uexp" 884
"D:/A_LoicG/GitHub/UE_KartingProject/UE_KartTrioProject/Content/Graph/Meshes/Skeletal/Granny/FitnessGrandma_diffuse.ubulk" 885
"D:/A_LoicG/GitHub/UE_KartingProject/UE_KartTrioProject/Content/Graph/Meshes/Skeletal/Granny/FitnessGrandma_diffuse.uasset" 886
"D:/A_LoicG/GitHub/UE_KartingProject/UE_KartTrioProject/Content/Graph/Meshes/Skeletal/Granny/FitnessGrandma_diffuse.uexp" 887
"D:/A_LoicG/GitHub/UE_KartingProject/UE_KartTrioProject/Content/Graph/Meshes/Skeletal/Granny/Grandma_MAT.uasset" 888
"D:/A_LoicG/GitHub/UE_KartingProject/UE_KartTrioProject/Content/Graph/Meshes/Skeletal/Granny/Grandma_MAT.uexp" 889
"D:/A_LoicG/GitHub/UE_KartingProject/UE_KartTrioProject/Content/Graph/Meshes/Skeletal/Granny/FitnessGrandma_FaceAnimMap.ubulk" 890
"D:/A_LoicG/GitHub/UE_KartingProject/UE_KartTrioProject/Content/Graph/Meshes/Skeletal/Granny/FitnessGrandma_FaceAnimMap.uasset" 891
"D:/A_LoicG/GitHub/UE_KartingProject/UE_KartTrioProject/Content/Graph/Meshes/Skeletal/Granny/FitnessGrandma_FaceAnimMap.uexp" 892
"D:/A_LoicG/GitHub/UE_KartingProject/UE_KartTrioProject/Content/Graph/Meshes/Skeletal/Granny/FitGrandma_Mouth_MAT1.uasset" 893
"D:/A_LoicG/GitHub/UE_KartingProject/UE_KartTrioProject/Content/Graph/Meshes/Skeletal/Granny/FitGrandma_Mouth_MAT1.uexp" 894
"D:/A_LoicG/GitHub/UE_KartingProject/UE_KartTrioProject/Content/Graph/Meshes/Skeletal/Granny/FitnessGrandma_FaceAnimMap_ncl1_2.ubulk" 895
"D:/A_LoicG/GitHub/UE_KartingProject/UE_KartTrioProject/Content/Graph/Meshes/Skeletal/Granny/FitnessGrandma_FaceAnimMap_ncl1_2.uasset" 896
"D:/A_LoicG/GitHub/UE_KartingProject/UE_KartTrioProject/Content/Graph/Meshes/Skeletal/Granny/FitnessGrandma_FaceAnimMap_ncl1_2.uexp" 897
"D:/A_LoicG/GitHub/UE_KartingProject/UE_KartTrioProject/Content/Graph/Meshes/Skeletal/Granny/FitGrandma_Brows_MAT1.uasset" 898
"D:/A_LoicG/GitHub/UE_KartingProject/UE_KartTrioProject/Content/Graph/Meshes/Skeletal/Granny/FitGrandma_Brows_MAT1.uexp" 899
"D:/A_LoicG/GitHub/UE_KartingProject/UE_KartTrioProject/Content/Graph/Meshes/Skeletal/Granny/FitnessGrandma_FaceAnimMap_ncl1_1.ubulk" 900
"D:/A_LoicG/GitHub/UE_KartingProject/UE_KartTrioProject/Content/Graph/Meshes/Skeletal/Granny/FitnessGrandma_FaceAnimMap_ncl1_1.uasset" 901
"D:/A_LoicG/GitHub/UE_KartingProject/UE_KartTrioProject/Content/Graph/Meshes/Skeletal/Granny/FitnessGrandma_FaceAnimMap_ncl1_1.uexp" 902
"D:/A_LoicG/GitHub/UE_KartingProject/UE_KartTrioProject/Content/Graph/Meshes/Skeletal/Granny/FitGrandma_Eyes_MAT1.uasset" 903
"D:/A_LoicG/GitHub/UE_KartingProject/UE_KartTrioProject/Content/Graph/Meshes/Skeletal/Granny/FitGrandma_Eyes_MAT1.uexp" 904
"D:/A_LoicG/GitHub/UE_KartingProject/UE_KartTrioProject/Content/Graph/Meshes/Skeletal/Granny/Sporty_Granny.uasset" 905
"D:/A_LoicG/GitHub/UE_KartingProject/UE_KartTrioProject/Content/Graph/Meshes/Skeletal/Granny/Sporty_Granny.uexp" 906
"D:/A_LoicG/GitHub/UE_KartingProject/UE_KartTrioProject/Content/Graph/Meshes/Static/ShoppingCart/shopping_cart_hand.uasset" 907
"D:/A_LoicG/GitHub/UE_KartingProject/UE_KartTrioProject/Content/Graph/Meshes/Static/ShoppingCart/shopping_cart_hand.uexp" 908
"D:/A_LoicG/GitHub/UE_KartingProject/UE_KartTrioProject/Content/Graph/Meshes/Static/ShoppingCart/shopping_cart_wheel.ubulk" 909
"D:/A_LoicG/GitHub/UE_KartingProject/UE_KartTrioProject/Content/Graph/Meshes/Static/ShoppingCart/shopping_cart_wheel.uasset" 910
"D:/A_LoicG/GitHub/UE_KartingProject/UE_KartTrioProject/Content/Graph/Meshes/Static/ShoppingCart/shopping_cart_wheel.uexp" 911
"D:/A_LoicG/GitHub/UE_KartingProject/UE_KartTrioProject/Content/Inputs/SeniorPlayer/Interact.uasset" 912
"D:/A_LoicG/GitHub/UE_KartingProject/UE_KartTrioProject/Content/Inputs/SeniorPlayer/Interact.uexp" 913
"D:/A_LoicG/GitHub/UE_KartingProject/UE_KartTrioProject/Content/Inputs/SeniorPlayer/Steering.uasset" 914
"D:/A_LoicG/GitHub/UE_KartingProject/UE_KartTrioProject/Content/Inputs/SeniorPlayer/Steering.uexp" 915
"D:/A_LoicG/GitHub/UE_KartingProject/UE_KartTrioProject/Content/Inputs/SeniorPlayer/Backward.uasset" 916
"D:/A_LoicG/GitHub/UE_KartingProject/UE_KartTrioProject/Content/Inputs/SeniorPlayer/Backward.uexp" 917
"D:/A_LoicG/GitHub/UE_KartingProject/UE_KartTrioProject/Content/Inputs/SeniorPlayer/UsePowerup.uasset" 918
"D:/A_LoicG/GitHub/UE_KartingProject/UE_KartTrioProject/Content/Inputs/SeniorPlayer/UsePowerup.uexp" 919
"D:/A_LoicG/GitHub/UE_KartingProject/UE_KartTrioProject/Content/Inputs/SeniorPlayer/Forward.uasset" 920
"D:/A_LoicG/GitHub/UE_KartingProject/UE_KartTrioProject/Content/Inputs/SeniorPlayer/Forward.uexp" 921
"D:/A_LoicG/GitHub/UE_KartingProject/UE_KartTrioProject/Content/Inputs/SeniorPlayer/IMC_SeniorPlayer.uasset" 922
"D:/A_LoicG/GitHub/UE_KartingProject/UE_KartTrioProject/Content/Inputs/SeniorPlayer/IMC_SeniorPlayer.uexp" 923
"D:/A_LoicG/GitHub/UE_KartingProject/UE_KartTrioProject/Content/Graph/Meshes/Static/ShoppingCart/shopping_cart__metal.uasset" 924
"D:/A_LoicG/GitHub/UE_KartingProject/UE_KartTrioProject/Content/Graph/Meshes/Static/ShoppingCart/shopping_cart__metal.uexp" 925
"D:/A_LoicG/GitHub/UE_KartingProject/UE_KartTrioProject/Content/Graph/Meshes/Static/ShoppingCart/shopping_cart_base_mesh.ubulk" 926
"D:/A_LoicG/GitHub/UE_KartingProject/UE_KartTrioProject/Content/Graph/Meshes/Static/ShoppingCart/shopping_cart_base_mesh.uasset" 927
"D:/A_LoicG/GitHub/UE_KartingProject/UE_KartTrioProject/Content/Graph/Meshes/Static/ShoppingCart/shopping_cart_base_mesh.uexp" 928
"D:/A_LoicG/GitHub/UE_KartingProject/UE_KartTrioProject/Content/Graph/Meshes/Static/ShoppingCart/shopping_cart_back_cart_wheels.ubulk" 929
"D:/A_LoicG/GitHub/UE_KartingProject/UE_KartTrioProject/Content/Graph/Meshes/Static/ShoppingCart/shopping_cart_back_cart_wheels.uasset" 930
"D:/A_LoicG/GitHub/UE_KartingProject/UE_KartTrioProject/Content/Graph/Meshes/Static/ShoppingCart/shopping_cart_back_cart_wheels.uexp" 931
"D:/A_LoicG/GitHub/UE_KartingProject/UE_KartTrioProject/Content/Blueprints/PlayerRelated/BP_SeniorPlayer.uasset" 932
"D:/A_LoicG/GitHub/UE_KartingProject/UE_KartTrioProject/Content/Blueprints/PlayerRelated/BP_SeniorPlayer.uexp" 933
"D:/A_LoicG/GitHub/UE_KartingProject/UE_KartTrioProject/Content/Blueprints/UI/Lobby/BP_LobbyWidget.uasset" 934
"D:/A_LoicG/GitHub/UE_KartingProject/UE_KartTrioProject/Content/Blueprints/UI/Lobby/BP_LobbyWidget.uexp" 935
"D:/A_LoicG/GitHub/UE_KartingProject/UE_KartTrioProject/Content/Blueprints/UI/Lobby/BP_Lobby_HUD.uasset" 936
"D:/A_LoicG/GitHub/UE_KartingProject/UE_KartTrioProject/Content/Blueprints/UI/Lobby/BP_Lobby_HUD.uexp" 937
"D:/A_LoicG/GitHub/UE_KartingProject/UE_KartTrioProject/Content/Gamemodes/BP_GM_Lobby.uasset" 938
"D:/A_LoicG/GitHub/UE_KartingProject/UE_KartTrioProject/Content/Gamemodes/BP_GM_Lobby.uexp" 939
"../../../Engine/Content/EngineSky/T_Sky_Stars.ubulk" 940
"../../../Engine/Content/EngineSky/T_Sky_Stars.uasset" 941
"../../../Engine/Content/EngineSky/T_Sky_Stars.uexp" 942
"../../../Engine/Content/EngineSky/T_Sky_Clouds_M.ubulk" 943
"../../../Engine/Content/EngineSky/T_Sky_Clouds_M.uasset" 944
"../../../Engine/Content/EngineSky/T_Sky_Clouds_M.uexp" 945
"../../../Engine/Content/EngineSky/T_Sky_Blue.ubulk" 946
"../../../Engine/Content/EngineSky/T_Sky_Blue.uasset" 947
"../../../Engine/Content/EngineSky/T_Sky_Blue.uexp" 948
"../../../Engine/Content/EngineSky/M_Sky_Panning_Clouds2.uasset" 949
"../../../Engine/Content/EngineSky/M_Sky_Panning_Clouds2.uexp" 950
"../../../Engine/Content/EngineSky/SM_SkySphere.ubulk" 951
"../../../Engine/Content/EngineSky/SM_SkySphere.uasset" 952
"../../../Engine/Content/EngineSky/SM_SkySphere.uexp" 953
"../../../Engine/Content/EngineDebugMaterials/M_SimpleUnlitTranslucent.uasset" 954
"../../../Engine/Content/EngineDebugMaterials/M_SimpleUnlitTranslucent.uexp" 955
"D:/A_LoicG/GitHub/UE_KartingProject/UE_KartTrioProject/Content/Blueprints/UI/InGame/BP_PlayersReadyArea.uasset" 956
"D:/A_LoicG/GitHub/UE_KartingProject/UE_KartTrioProject/Content/Blueprints/UI/InGame/BP_PlayersReadyArea.uexp" 957
"../../../Engine/Content/MapTemplates/SM_Template_Map_Floor.ubulk" 958
"../../../Engine/Content/MapTemplates/SM_Template_Map_Floor.uasset" 959
"../../../Engine/Content/MapTemplates/SM_Template_Map_Floor.uexp" 960
"../../../Engine/Content/BasicShapes/BasicShapeMaterial.uasset" 961
"../../../Engine/Content/BasicShapes/BasicShapeMaterial.uexp" 962
"D:/A_LoicG/GitHub/UE_KartingProject/UE_KartTrioProject/Content/Blueprints/UI/Lobby/BP_Text.uasset" 963
"D:/A_LoicG/GitHub/UE_KartingProject/UE_KartTrioProject/Content/Blueprints/UI/Lobby/BP_Text.uexp" 964
"../../../Engine/Content/EngineSky/M_SimpleSkyDome.uasset" 965
"../../../Engine/Content/EngineSky/M_SimpleSkyDome.uexp" 966
"D:/A_LoicG/GitHub/UE_KartingProject/UE_KartTrioProject/Content/Levels/LVL_Lobby.uexp" 967
"D:/A_LoicG/GitHub/UE_KartingProject/UE_KartTrioProject/Content/Levels/LVL_Lobby.umap" 968
"D:/A_LoicG/GitHub/UE_KartingProject/UE_KartTrioProject/Content/Graph/Materials/Map/MAT_Ground.uasset" 969
"D:/A_LoicG/GitHub/UE_KartingProject/UE_KartTrioProject/Content/Graph/Materials/Map/MAT_Ground.uexp" 970
"D:/A_LoicG/GitHub/UE_KartingProject/UE_KartTrioProject/Content/Blueprints/GPE/BP_FinishLine.uasset" 971
"D:/A_LoicG/GitHub/UE_KartingProject/UE_KartTrioProject/Content/Blueprints/GPE/BP_FinishLine.uexp" 972
"../../../Engine/Content/EditorResources/FieldNodes/_Resources/M_FieldRadiusPreview.uasset" 973
"../../../Engine/Content/EditorResources/FieldNodes/_Resources/M_FieldRadiusPreview.uexp" 974
"../../../Engine/Content/EditorResources/FieldNodes/_Resources/MI_FieldRadiusPreview.uasset" 975
"../../../Engine/Content/EditorResources/FieldNodes/_Resources/MI_FieldRadiusPreview.uexp" 976
"../../../Engine/Content/EngineMeshes/Cube.ubulk" 977
"../../../Engine/Content/EngineMeshes/Cube.uasset" 978
"../../../Engine/Content/EngineMeshes/Cube.uexp" 979
"D:/A_LoicG/GitHub/UE_KartingProject/UE_KartTrioProject/Content/Mesh/Textures/M_SUpermarket_Emissive.ubulk" 980
"D:/A_LoicG/GitHub/UE_KartingProject/UE_KartTrioProject/Content/Mesh/Textures/M_SUpermarket_Emissive.uasset" 981
"D:/A_LoicG/GitHub/UE_KartingProject/UE_KartTrioProject/Content/Mesh/Textures/M_SUpermarket_Emissive.uexp" 982
"D:/A_LoicG/GitHub/UE_KartingProject/UE_KartTrioProject/Content/Mesh/Textures/M_SUpermarket_Roughness.ubulk" 983
"D:/A_LoicG/GitHub/UE_KartingProject/UE_KartTrioProject/Content/Mesh/Textures/M_SUpermarket_Roughness.uasset" 984
"D:/A_LoicG/GitHub/UE_KartingProject/UE_KartTrioProject/Content/Mesh/Textures/M_SUpermarket_Roughness.uexp" 985
"D:/A_LoicG/GitHub/UE_KartingProject/UE_KartTrioProject/Content/Mesh/Textures/M_SUpermarket_Opacity.ubulk" 986
"D:/A_LoicG/GitHub/UE_KartingProject/UE_KartTrioProject/Content/Mesh/Textures/M_SUpermarket_Opacity.uasset" 987
"D:/A_LoicG/GitHub/UE_KartingProject/UE_KartTrioProject/Content/Mesh/Textures/M_SUpermarket_Opacity.uexp" 988
"D:/A_LoicG/GitHub/UE_KartingProject/UE_KartTrioProject/Content/Mesh/Textures/M_SUpermarket_Base_color.ubulk" 989
"D:/A_LoicG/GitHub/UE_KartingProject/UE_KartTrioProject/Content/Mesh/Textures/M_SUpermarket_Base_color.uasset" 990
"D:/A_LoicG/GitHub/UE_KartingProject/UE_KartTrioProject/Content/Mesh/Textures/M_SUpermarket_Base_color.uexp" 991
"D:/A_LoicG/GitHub/UE_KartingProject/UE_KartTrioProject/Content/Mesh/Textures/M_SUpermarket_Normal_OpenGL.ubulk" 992
"D:/A_LoicG/GitHub/UE_KartingProject/UE_KartTrioProject/Content/Mesh/Textures/M_SUpermarket_Normal_OpenGL.uasset" 993
"D:/A_LoicG/GitHub/UE_KartingProject/UE_KartTrioProject/Content/Mesh/Textures/M_SUpermarket_Normal_OpenGL.uexp" 994
"D:/A_LoicG/GitHub/UE_KartingProject/UE_KartTrioProject/Content/Mesh/Textures/M_SUpermarket_Metallic.ubulk" 995
"D:/A_LoicG/GitHub/UE_KartingProject/UE_KartTrioProject/Content/Mesh/Textures/M_SUpermarket_Metallic.uasset" 996
"D:/A_LoicG/GitHub/UE_KartingProject/UE_KartTrioProject/Content/Mesh/Textures/M_SUpermarket_Metallic.uexp" 997
"D:/A_LoicG/GitHub/UE_KartingProject/UE_KartTrioProject/Content/Mesh/Textures/M_SUpermarket.uasset" 998
"D:/A_LoicG/GitHub/UE_KartingProject/UE_KartTrioProject/Content/Mesh/Textures/M_SUpermarket.uexp" 999
"D:/A_LoicG/GitHub/UE_KartingProject/UE_KartTrioProject/Content/Mesh/Market/MarketSketchfab_Freezer_Tall.ubulk" 1000
"D:/A_LoicG/GitHub/UE_KartingProject/UE_KartTrioProject/Content/Mesh/Market/MarketSketchfab_Freezer_Tall.uasset" 1001
"D:/A_LoicG/GitHub/UE_KartingProject/UE_KartTrioProject/Content/Mesh/Market/MarketSketchfab_Freezer_Tall.uexp" 1002
"D:/A_LoicG/GitHub/UE_KartingProject/UE_KartTrioProject/Content/Blueprints/GPE/BP_ColdZone.uasset" 1003
"D:/A_LoicG/GitHub/UE_KartingProject/UE_KartTrioProject/Content/Blueprints/GPE/BP_ColdZone.uexp" 1004
"D:/A_LoicG/GitHub/UE_KartingProject/UE_KartTrioProject/Content/Mesh/Textures/Supermarket_Chips_Shelf_Normal_2k.ubulk" 1005
"D:/A_LoicG/GitHub/UE_KartingProject/UE_KartTrioProject/Content/Mesh/Textures/Supermarket_Chips_Shelf_Normal_2k.uasset" 1006
"D:/A_LoicG/GitHub/UE_KartingProject/UE_KartTrioProject/Content/Mesh/Textures/Supermarket_Chips_Shelf_Normal_2k.uexp" 1007
"D:/A_LoicG/GitHub/UE_KartingProject/UE_KartTrioProject/Content/Mesh/Textures/Supermarket_Chips_Shelf_Color_2k.ubulk" 1008
"D:/A_LoicG/GitHub/UE_KartingProject/UE_KartTrioProject/Content/Mesh/Textures/Supermarket_Chips_Shelf_Color_2k.uasset" 1009
"D:/A_LoicG/GitHub/UE_KartingProject/UE_KartTrioProject/Content/Mesh/Textures/Supermarket_Chips_Shelf_Color_2k.uexp" 1010
"D:/A_LoicG/GitHub/UE_KartingProject/UE_KartTrioProject/Content/Mesh/Textures/Supermarket_Chips_Shelf_Roughness_2k.ubulk" 1011
"D:/A_LoicG/GitHub/UE_KartingProject/UE_KartTrioProject/Content/Mesh/Textures/Supermarket_Chips_Shelf_Roughness_2k.uasset" 1012
"D:/A_LoicG/GitHub/UE_KartingProject/UE_KartTrioProject/Content/Mesh/Textures/Supermarket_Chips_Shelf_Roughness_2k.uexp" 1013
"D:/A_LoicG/GitHub/UE_KartingProject/UE_KartTrioProject/Content/Mesh/Textures/Supermarket_Chips_Shelf1.uasset" 1014
"D:/A_LoicG/GitHub/UE_KartingProject/UE_KartTrioProject/Content/Mesh/Textures/Supermarket_Chips_Shelf1.uexp" 1015
"D:/A_LoicG/GitHub/UE_KartingProject/UE_KartTrioProject/Content/Mesh/Supermarket_Chips_Shelf.ubulk" 1016
"D:/A_LoicG/GitHub/UE_KartingProject/UE_KartTrioProject/Content/Mesh/Supermarket_Chips_Shelf.uasset" 1017
"D:/A_LoicG/GitHub/UE_KartingProject/UE_KartTrioProject/Content/Mesh/Supermarket_Chips_Shelf.uexp" 1018
"D:/A_LoicG/GitHub/UE_KartingProject/UE_KartTrioProject/Content/Blueprints/GPE/BP_CollectedItem.uasset" 1019
"D:/A_LoicG/GitHub/UE_KartingProject/UE_KartTrioProject/Content/Blueprints/GPE/BP_CollectedItem.uexp" 1020
"D:/A_LoicG/GitHub/UE_KartingProject/UE_KartTrioProject/Content/Graph/Textures/UI_HandCross.ubulk" 1021
"D:/A_LoicG/GitHub/UE_KartingProject/UE_KartTrioProject/Content/Graph/Textures/UI_HandCross.uasset" 1022
"D:/A_LoicG/GitHub/UE_KartingProject/UE_KartTrioProject/Content/Graph/Textures/UI_HandCross.uexp" 1023
"D:/A_LoicG/GitHub/UE_KartingProject/UE_KartTrioProject/Content/Blueprints/UI/InGame/BP_ItemToCollectWidget.uasset" 1024
"D:/A_LoicG/GitHub/UE_KartingProject/UE_KartTrioProject/Content/Blueprints/UI/InGame/BP_ItemToCollectWidget.uexp" 1025
"D:/A_LoicG/GitHub/UE_KartingProject/UE_KartTrioProject/Content/Blueprints/UI/InGame/BP_UsableItemWidget.uasset" 1026
"D:/A_LoicG/GitHub/UE_KartingProject/UE_KartTrioProject/Content/Blueprints/UI/InGame/BP_UsableItemWidget.uexp" 1027
"D:/A_LoicG/GitHub/UE_KartingProject/UE_KartTrioProject/Content/Graph/Sprite/grannysupermarket.uasset" 1028
"D:/A_LoicG/GitHub/UE_KartingProject/UE_KartTrioProject/Content/Graph/Sprite/grannysupermarket.uexp" 1029
"D:/A_LoicG/GitHub/UE_KartingProject/UE_KartTrioProject/Content/Blueprints/UI/InGame/BP_WinScreenWidget.uasset" 1030
"D:/A_LoicG/GitHub/UE_KartingProject/UE_KartTrioProject/Content/Blueprints/UI/InGame/BP_WinScreenWidget.uexp" 1031
"D:/A_LoicG/GitHub/UE_KartingProject/UE_KartTrioProject/Content/Blueprints/UI/InGame/BP_MainWidget.uasset" 1032
"D:/A_LoicG/GitHub/UE_KartingProject/UE_KartTrioProject/Content/Blueprints/UI/InGame/BP_MainWidget.uexp" 1033
"D:/A_LoicG/GitHub/UE_KartingProject/UE_KartTrioProject/Content/Blueprints/UI/InGame/BP_Kart_HUD.uasset" 1034
"D:/A_LoicG/GitHub/UE_KartingProject/UE_KartTrioProject/Content/Blueprints/UI/InGame/BP_Kart_HUD.uexp" 1035
"D:/A_LoicG/GitHub/UE_KartingProject/UE_KartTrioProject/Content/Gamemodes/BP_GM_KartBase.uasset" 1036
"D:/A_LoicG/GitHub/UE_KartingProject/UE_KartTrioProject/Content/Gamemodes/BP_GM_KartBase.uexp" 1037
"../../../Engine/Content/BasicShapes/Sphere.ubulk" 1038
"../../../Engine/Content/BasicShapes/Sphere.uasset" 1039
"../../../Engine/Content/BasicShapes/Sphere.uexp" 1040
"../../../Engine/Content/Functions/Engine_MaterialFunctions01/Shading/ConvertFromDiffSpec.uasset" 1041
"../../../Engine/Content/Functions/Engine_MaterialFunctions01/Shading/ConvertFromDiffSpec.uexp" 1042
"../../../Engine/Content/EditorMaterials/Utilities/LinearColorPicker_MAT.uasset" 1043
"../../../Engine/Content/EditorMaterials/Utilities/LinearColorPicker_MAT.uexp" 1044
"../../../Engine/Content/EditorMaterials/Utilities/LinearColorPicker_MATInst.uasset" 1045
"../../../Engine/Content/EditorMaterials/Utilities/LinearColorPicker_MATInst.uexp" 1046
"D:/A_LoicG/GitHub/UE_KartingProject/UE_KartTrioProject/Content/Blueprints/GPE/BP_Puddle.uasset" 1047
"D:/A_LoicG/GitHub/UE_KartingProject/UE_KartTrioProject/Content/Blueprints/GPE/BP_Puddle.uexp" 1048
"D:/A_LoicG/GitHub/UE_KartingProject/UE_KartTrioProject/Content/Mesh/Market/MarketSketchfab_Caisse.ubulk" 1049
"D:/A_LoicG/GitHub/UE_KartingProject/UE_KartTrioProject/Content/Mesh/Market/MarketSketchfab_Caisse.uasset" 1050
"D:/A_LoicG/GitHub/UE_KartingProject/UE_KartTrioProject/Content/Mesh/Market/MarketSketchfab_Caisse.uexp" 1051
"D:/A_LoicG/GitHub/UE_KartingProject/UE_KartTrioProject/Content/Levels/LVL_Base.uexp" 1052
"D:/A_LoicG/GitHub/UE_KartingProject/UE_KartTrioProject/Content/Levels/LVL_Base.umap" 1053
"D:/A_LoicG/GitHub/UE_KartingProject/UE_KartTrioProject/Content/Blueprints/UI/Lobby/BP_SessionSlotWidget.uasset" 1054
"D:/A_LoicG/GitHub/UE_KartingProject/UE_KartTrioProject/Content/Blueprints/UI/Lobby/BP_SessionSlotWidget.uexp" 1055
"D:/A_LoicG/GitHub/UE_KartingProject/UE_KartTrioProject/Content/Blueprints/UI/Lobby/BP_SessionListWidget.uasset" 1056
"D:/A_LoicG/GitHub/UE_KartingProject/UE_KartTrioProject/Content/Blueprints/UI/Lobby/BP_SessionListWidget.uexp" 1057
"D:/A_LoicG/GitHub/UE_KartingProject/UE_KartTrioProject/Content/Blueprints/UI/MainMenu/BP_MainMenuWidget.uasset" 1058
"D:/A_LoicG/GitHub/UE_KartingProject/UE_KartTrioProject/Content/Blueprints/UI/MainMenu/BP_MainMenuWidget.uexp" 1059
"D:/A_LoicG/GitHub/UE_KartingProject/UE_KartTrioProject/Content/Blueprints/UI/MainMenu/BP_MainMenu_HUD.uasset" 1060
"D:/A_LoicG/GitHub/UE_KartingProject/UE_KartTrioProject/Content/Blueprints/UI/MainMenu/BP_MainMenu_HUD.uexp" 1061
"D:/A_LoicG/GitHub/UE_KartingProject/UE_KartTrioProject/Content/Gamemodes/BP_GM_MainMenu.uasset" 1062
"D:/A_LoicG/GitHub/UE_KartingProject/UE_KartTrioProject/Content/Gamemodes/BP_GM_MainMenu.uexp" 1063
"D:/A_LoicG/GitHub/UE_KartingProject/UE_KartTrioProject/Content/Levels/LVL_MainMenu.uexp" 1064
"D:/A_LoicG/GitHub/UE_KartingProject/UE_KartTrioProject/Content/Levels/LVL_MainMenu.umap" 1065
